#
# A fatal error has been detected by the Java Runtime Environment:
#
#  EXCEPTION_ACCESS_VIOLATION (0xc0000005) at pc=0x00007ffaa0c404ce, pid=29656, tid=29536
#
# JRE version: Java(TM) SE Runtime Environment (17.0.1+12) (build 17.0.1+12-LTS-39)
# Java VM: Java HotSpot(TM) 64-Bit Server VM (17.0.1+12-LTS-39, mixed mode, sharing, tiered, compressed oops, compressed class ptrs, g1 gc, windows-amd64)
# Problematic frame:
# C  0x00007ffaa0c404ce
#
# No core dump will be written. Minidumps are not enabled by default on client versions of Windows
#
# If you would like to submit a bug report, please visit:
#   https://bugreport.java.com/bugreport/crash.jsp
# The crash happened outside the Java Virtual Machine in native code.
# See problematic frame for where to report the bug.
#

---------------  S U M M A R Y ------------

Command Line: -Dfile.encoding=UTF-8 --module-path=C:\Users\user\Downloads\JavaProject\lib --add-modules=javafx.controls,javafx.fxml --add-opens=javafx.graphics/com.sun.javafx.application=ALL-UNNAMED --add-exports=javafx.base/com.sun.javafx.logging=ALL-UNNAMED --add-opens=javafx.base/com.sun.javafx.logging=ALL-UNNAMED --add-opens=javafx.graphics/com.sun.javafx.embed=ALL-UNNAMED --add-opens=javafx.graphics/com.sun.glass.ui=ALL-UNNAMED --add-opens=javafx.graphics/com.sun.javafx.sg.prism=ALL-UNNAMED --add-opens=javafx.graphics/com.sun.javafx.scene=ALL-UNNAMED --add-opens=javafx.graphics/com.sun.javafx.util=ALL-UNNAMED --add-opens=javafx.graphics/com.sun.prism=ALL-UNNAMED --add-opens=javafx.graphics/com.sun.javafx.geom.transform=ALL-UNNAMED --add-opens=javafx.graphics/com.sun.javafx.tk=ALL-UNNAMED --add-opens=javafx.graphics/com.sun.javafx.tk=ALL-UNNAMED --add-opens=javafx.graphics/com.sun.glass.utils=ALL-UNNAMED --add-opens=javafx.graphics/com.sun.glass.utils=ALL-UNNAMED --add-opens=javafx.graphics/com.sun.javafx.font=ALL-UNNAMED




 MainFrame

Host: AMD Ryzen 5 5600 6-Core Processor              , 12 cores, 15G,  Windows 10 , 64 bit Build 19041 (10.0.19041.804)
Time: Fri Nov 22 15:51:33 2024  Windows 10 , 64 bit Build 19041 (10.0.19041.804) elapsed time: 2.594084 seconds (0d 0h 0m 2s)

---------------  T H R E A D  ---------------

Current thread (0x0000025d74255db0):  JavaThread "JavaFX Application Thread" [_thread_in_native, id=29536, stack(0x0000006b49030000,0x0000006b49130000)]

Stack: [0x0000006b49030000,0x0000006b49130000],  sp=0x0000006b4912d0c0,  free space=1012k
Native frames: (J=compiled Java code, j=interpreted, Vv=VM code, C=native code)
C  0x00007ffaa0c404ce

Java frames: (J=compiled Java code, j=interpreted, Vv=VM code)
j  com.sun.webkit.WebPage.twkInit(JZF)V+0
j  com.sun.webkit.WebPage.<init>(Lcom/sun/webkit/WebPageClient;Lcom/sun/webkit/UIClient;Lcom/sun/webkit/PolicyClient;Lcom/sun/webkit/InspectorClient;Lcom/sun/webkit/ThemeClient;Z)V+204
j  javafx.scene.web.WebEngine.<init>(Ljava/lang/String;Z)V+270
j  javafx.scene.web.WebEngine.<init>()V+3
j  javafx.scene.web.WebView.<init>()V+60
j  reCAPTCHA.lambda$createCaptchaWindow$0(Ljavafx/embed/swing/JFXPanel;)V+4
j  reCAPTCHA$$Lambda$237+0x0000000800d382b8.run()V+4
j  com.sun.javafx.application.PlatformImpl.lambda$runLater$10(Ljava/lang/Runnable;)Ljava/lang/Void;+1 javafx.graphics@21.0.5
j  com.sun.javafx.application.PlatformImpl$$Lambda$239+0x0000000800d39b60.run()Ljava/lang/Object;+4 javafx.graphics@21.0.5
J 1496 c1 java.security.AccessController.doPrivileged(Ljava/security/PrivilegedAction;Ljava/security/AccessControlContext;)Ljava/lang/Object; java.base@17.0.1 (17 bytes) @ 0x0000025d573e3cdc [0x0000025d573e3b00+0x00000000000001dc]
j  com.sun.javafx.application.PlatformImpl.lambda$runLater$11(Ljava/lang/Runnable;Ljava/security/AccessControlContext;)V+7 javafx.graphics@21.0.5
j  com.sun.javafx.application.PlatformImpl$$Lambda$238+0x0000000800d38cc0.run()V+8 javafx.graphics@21.0.5
j  com.sun.glass.ui.InvokeLaterDispatcher$Future.run()V+4 javafx.graphics@21.0.5
v  ~StubRoutines::call_stub
j  com.sun.glass.ui.win.WinApplication._runLoop(Ljava/lang/Runnable;)V+0 javafx.graphics@21.0.5
j  com.sun.glass.ui.win.WinApplication.lambda$runLoop$3(ILjava/lang/Runnable;)V+8 javafx.graphics@21.0.5
j  com.sun.glass.ui.win.WinApplication$$Lambda$228+0x0000000800d23b08.run()V+12 javafx.graphics@21.0.5
j  java.lang.Thread.run()V+11 java.base@17.0.1
v  ~StubRoutines::call_stub

siginfo: EXCEPTION_ACCESS_VIOLATION (0xc0000005), writing address 0x0000000000000000


Register to memory mapping:

RIP=0x00007ffaa0c404ce points into unknown readable memory: ff 01
RAX=0x0000006b4912d0f0 is pointing into the stack for thread: 0x0000025d74255db0
RBX=0x0000025d7ca909f0 points into unknown readable memory: 0x00007ffaa2584650 | 50 46 58 a2 fa 7f 00 00
RCX=0x0 is NULL
RDX=0x00007ffaa0130000 points into unknown readable memory: 0x0000000300905a4d | 4d 5a 90 00 03 00 00 00
RSP=0x0000006b4912d0c0 is pointing into the stack for thread: 0x0000025d74255db0
RBP=0x0000006b4912d240 is pointing into the stack for thread: 0x0000025d74255db0
RSI=0x0000025d7ca7f1d8 points into unknown readable memory: 0x0000000000000000 | 00 00 00 00 00 00 00 00
RDI=0x0000006b4912d2a0 is pointing into the stack for thread: 0x0000025d74255db0
R8 =0x0000025d7cc25380 points into unknown readable memory: 0x0000000500000004 | 04 00 00 00 05 00 00 00
R9 =0x0 is NULL
R10=0x0000025d7cc25394 points into unknown readable memory: 73 65 72 69
R11=0x0000006b4912cda8 is pointing into the stack for thread: 0x0000025d74255db0
R12=0x0 is NULL
R13=0x0 is NULL
R14=0x0000025d7ca7f1d8 points into unknown readable memory: 0x0000000000000000 | 00 00 00 00 00 00 00 00
R15=0x0000025d74bcd898 points into unknown readable memory: 0x0000025d74bcd8a8 | a8 d8 bc 74 5d 02 00 00


Registers:
RAX=0x0000006b4912d0f0, RBX=0x0000025d7ca909f0, RCX=0x0000000000000000, RDX=0x00007ffaa0130000
RSP=0x0000006b4912d0c0, RBP=0x0000006b4912d240, RSI=0x0000025d7ca7f1d8, RDI=0x0000006b4912d2a0
R8 =0x0000025d7cc25380, R9 =0x0000000000000000, R10=0x0000025d7cc25394, R11=0x0000006b4912cda8
R12=0x0000000000000000, R13=0x0000000000000000, R14=0x0000025d7ca7f1d8, R15=0x0000025d74bcd898
RIP=0x00007ffaa0c404ce, EFLAGS=0x0000000000010202

Top of Stack: (sp=0x0000006b4912d0c0)
0x0000006b4912d0c0:   0000025d7ca909f0 0000025d7ca909f0
0x0000006b4912d0d0:   0000006b4912d240 0000025d7ca7f1d8
0x0000006b4912d0e0:   0000006b4912d0f8 0000006b4912d200
0x0000006b4912d0f0:   0000000000000000 0000000000000000
0x0000006b4912d100:   0000000000000000 0000000000000000
0x0000006b4912d110:   0000000000000000 0000025d7ca7f1d8
0x0000006b4912d120:   00007ffaa06bc910 0000000000000000
0x0000006b4912d130:   0000025d7ca28fd0 00007ffaa089f32b
0x0000006b4912d140:   0000025d7ca28fd0 0000000000000000
0x0000006b4912d150:   0000000000000000 00007ffaa06bc910
0x0000006b4912d160:   0000000000000001 0000025d7ca28fd0
0x0000006b4912d170:   0000006b4912d260 0000000000000001
0x0000006b4912d180:   0000025d7ca91610 00007ffaa08a265a
0x0000006b4912d190:   0000000000000000 0000006b4912d1a8
0x0000006b4912d1a0:   0000000000000001 0000000000000000
0x0000006b4912d1b0:   0000000000000000 0000000000000000 

Instructions: (pc=0x00007ffaa0c404ce)
0x00007ffaa0c403ce:   48 8b 4c 24 20 48 85 c9 74 11 48 85 f6 74 0c 48
0x00007ffaa0c403de:   8b 01 48 8b d6 ff 90 b8 00 00 00 48 8b c3 48 8b
0x00007ffaa0c403ee:   4c 24 28 48 33 cc e8 d7 1e 7a 01 48 83 c4 70 5e
0x00007ffaa0c403fe:   5d 5b c3 48 8d 0d 40 01 33 04 e8 67 20 7a 01 83
0x00007ffaa0c4040e:   3d 34 01 33 04 ff 0f 85 27 ff ff ff 48 8b cf e8
0x00007ffaa0c4041e:   ce 8a ff ff 4c 8b 07 4c 8d 0d 70 0e a0 01 48 8b
0x00007ffaa0c4042e:   d0 48 8b cf 4d 8b 90 08 01 00 00 4c 8d 05 68 0e
0x00007ffaa0c4043e:   a0 01 41 ff d2 48 8d 0d fe 00 33 04 48 89 05 ef
0x00007ffaa0c4044e:   00 33 04 e8 be 1f 7a 01 e9 e6 fe ff ff cc cc cc
0x00007ffaa0c4045e:   cc cc 40 53 56 57 48 83 ec 60 65 48 8b 04 25 58
0x00007ffaa0c4046e:   00 00 00 48 8b d9 8b 0d c6 52 34 04 48 8b fa ba
0x00007ffaa0c4047e:   18 00 00 00 49 8b f0 48 8b 04 c8 8b 0c 02 39 0d
0x00007ffaa0c4048e:   d6 00 33 04 0f 8f 8c 00 00 00 0f 57 c0 c6 44 24
0x00007ffaa0c4049e:   28 00 48 8d 44 24 38 4c 8b c6 4c 8d 0d b1 00 33
0x00007ffaa0c404ae:   04 48 89 44 24 20 48 8d 54 24 30 48 8b cb 0f 11
0x00007ffaa0c404be:   44 24 38 0f 11 44 24 48 e8 45 93 c5 ff 48 8b 08
0x00007ffaa0c404ce:   ff 01 48 8b 5c 24 30 48 89 0f 48 c7 44 24 30 00
0x00007ffaa0c404de:   00 00 00 48 85 db 74 1b 8b 03 83 e8 01 74 04 89
0x00007ffaa0c404ee:   03 eb 10 48 8b cb e8 f7 f4 c4 ff 48 8b cb e8 df
0x00007ffaa0c404fe:   66 5e 01 48 8b 4c 24 50 48 c7 44 24 50 00 00 00
0x00007ffaa0c4050e:   00 48 85 c9 74 05 e8 07 9c a7 ff 48 8b c7 48 83
0x00007ffaa0c4051e:   c4 60 5f 5e 5b c3 48 8d 0d 3d 00 33 04 e8 44 1f
0x00007ffaa0c4052e:   7a 01 83 3d 31 00 33 04 ff 0f 85 5b ff ff ff 41
0x00007ffaa0c4053e:   b8 05 00 00 00 48 8d 15 c2 0d a0 01 48 8d 4c 24
0x00007ffaa0c4054e:   30 e8 3c 48 61 01 48 8b 44 24 30 48 8d 0d 00 9b
0x00007ffaa0c4055e:   93 01 48 89 05 f9 ff 32 04 e8 b4 1c 7a 01 48 8d
0x00007ffaa0c4056e:   0d f5 ff 32 04 e8 9c 1e 7a 01 e9 1b ff ff ff cc
0x00007ffaa0c4057e:   cc cc 48 89 5c 24 18 48 89 6c 24 20 56 57 41 56
0x00007ffaa0c4058e:   48 83 ec 70 48 8b 05 ff 32 23 04 48 33 c4 48 89
0x00007ffaa0c4059e:   44 24 68 0f b6 41 30 33 f6 89 74 24 38 4c 8b f2
0x00007ffaa0c405ae:   48 8b d9 3c 02 75 06 48 8b 01 ff 50 28 48 8b 0d
0x00007ffaa0c405be:   8e 40 34 04 48 8d 54 24 48 48 89 74 24 60 41 b8 


Stack slot to memory mapping:
stack at sp + 0 slots: 0x0000025d7ca909f0 points into unknown readable memory: 0x00007ffaa2584650 | 50 46 58 a2 fa 7f 00 00
stack at sp + 1 slots: 0x0000025d7ca909f0 points into unknown readable memory: 0x00007ffaa2584650 | 50 46 58 a2 fa 7f 00 00
stack at sp + 2 slots: 0x0000006b4912d240 is pointing into the stack for thread: 0x0000025d74255db0
stack at sp + 3 slots: 0x0000025d7ca7f1d8 points into unknown readable memory: 0x0000000000000000 | 00 00 00 00 00 00 00 00
stack at sp + 4 slots: 0x0000006b4912d0f8 is pointing into the stack for thread: 0x0000025d74255db0
stack at sp + 5 slots: 0x0000006b4912d200 is pointing into the stack for thread: 0x0000025d74255db0
stack at sp + 6 slots: 0x0 is NULL
stack at sp + 7 slots: 0x0 is NULL


---------------  P R O C E S S  ---------------

Threads class SMR info:
_java_thread_list=0x0000025d74a03ff0, length=22, elements={
0x0000025d72504650, 0x0000025d725053d0, 0x0000025d7251a9c0, 0x0000025d7251d390,
0x0000025d72523c70, 0x0000025d72529a40, 0x0000025d7254a6f0, 0x0000025d73008750,
0x0000025d7254dbd0, 0x0000025d730c51a0, 0x0000025d73dc7740, 0x0000025d739110a0,
0x0000025d73d36e70, 0x0000025d73c74c60, 0x0000025d73d20560, 0x0000025d4f3f2540,
0x0000025d74255410, 0x0000025d742570f0, 0x0000025d742575c0, 0x0000025d74254f40,
0x0000025d74255db0, 0x0000025d74256280
}

Java Threads: ( => current thread )
  0x0000025d72504650 JavaThread "Reference Handler" daemon [_thread_blocked, id=18768, stack(0x0000006b46e00000,0x0000006b46f00000)]
  0x0000025d725053d0 JavaThread "Finalizer" daemon [_thread_blocked, id=28688, stack(0x0000006b46f00000,0x0000006b47000000)]
  0x0000025d7251a9c0 JavaThread "Signal Dispatcher" daemon [_thread_blocked, id=29108, stack(0x0000006b47000000,0x0000006b47100000)]
  0x0000025d7251d390 JavaThread "Attach Listener" daemon [_thread_blocked, id=29492, stack(0x0000006b47100000,0x0000006b47200000)]
  0x0000025d72523c70 JavaThread "Service Thread" daemon [_thread_blocked, id=7180, stack(0x0000006b47200000,0x0000006b47300000)]
  0x0000025d72529a40 JavaThread "Monitor Deflation Thread" daemon [_thread_blocked, id=23296, stack(0x0000006b47300000,0x0000006b47400000)]
  0x0000025d7254a6f0 JavaThread "C2 CompilerThread0" daemon [_thread_blocked, id=29548, stack(0x0000006b47400000,0x0000006b47500000)]
  0x0000025d73008750 JavaThread "C1 CompilerThread0" daemon [_thread_blocked, id=8148, stack(0x0000006b47500000,0x0000006b47600000)]
  0x0000025d7254dbd0 JavaThread "Sweeper thread" daemon [_thread_blocked, id=3548, stack(0x0000006b47600000,0x0000006b47700000)]
  0x0000025d730c51a0 JavaThread "Common-Cleaner" daemon [_thread_blocked, id=27020, stack(0x0000006b47700000,0x0000006b47800000)]
  0x0000025d73dc7740 JavaThread "Notification Thread" daemon [_thread_blocked, id=25072, stack(0x0000006b47a00000,0x0000006b47b00000)]
  0x0000025d739110a0 JavaThread "Java2D Disposer" daemon [_thread_blocked, id=27192, stack(0x0000006b47c00000,0x0000006b47d00000)]
  0x0000025d73d36e70 JavaThread "AWT-Shutdown" [_thread_blocked, id=1048, stack(0x0000006b47d00000,0x0000006b47e00000)]
  0x0000025d73c74c60 JavaThread "AWT-Windows" daemon [_thread_in_native, id=10372, stack(0x0000006b47e00000,0x0000006b47f00000)]
  0x0000025d73d20560 JavaThread "AWT-EventQueue-0" [_thread_blocked, id=4124, stack(0x0000006b47f00000,0x0000006b48000000)]
  0x0000025d4f3f2540 JavaThread "DestroyJavaVM" [_thread_blocked, id=27032, stack(0x0000006b46700000,0x0000006b46800000)]
  0x0000025d74255410 JavaThread "D3D Screen Updater" daemon [_thread_blocked, id=19036, stack(0x0000006b48b20000,0x0000006b48c20000)]
  0x0000025d742570f0 JavaThread "TimerQueue" daemon [_thread_blocked, id=13804, stack(0x0000006b48c30000,0x0000006b48d30000)]
  0x0000025d742575c0 JavaThread "QuantumRenderer-0" daemon [_thread_blocked, id=28488, stack(0x0000006b48e30000,0x0000006b48f30000)]
  0x0000025d74254f40 JavaThread "InvokeLaterDispatcher" daemon [_thread_blocked, id=13816, stack(0x0000006b48f30000,0x0000006b49030000)]
=>0x0000025d74255db0 JavaThread "JavaFX Application Thread" [_thread_in_native, id=29536, stack(0x0000006b49030000,0x0000006b49130000)]
  0x0000025d74256280 JavaThread "Thread-2" daemon [_thread_in_native, id=17232, stack(0x0000006b48d30000,0x0000006b48e30000)]

Other Threads:
  0x0000025d724feb30 VMThread "VM Thread" [stack: 0x0000006b46d00000,0x0000006b46e00000] [id=26528]
  0x0000025d73c4fe40 WatcherThread [stack: 0x0000006b47b00000,0x0000006b47c00000] [id=18632]
  0x0000025d4f441f20 GCTaskThread "GC Thread#0" [stack: 0x0000006b46800000,0x0000006b46900000] [id=26420]
  0x0000025d7316b1d0 GCTaskThread "GC Thread#1" [stack: 0x0000006b47900000,0x0000006b47a00000] [id=26828]
  0x0000025d7485ba10 GCTaskThread "GC Thread#2" [stack: 0x0000006b48520000,0x0000006b48620000] [id=29192]
  0x0000025d7485bcc0 GCTaskThread "GC Thread#3" [stack: 0x0000006b48620000,0x0000006b48720000] [id=19192]
  0x0000025d7485bf70 GCTaskThread "GC Thread#4" [stack: 0x0000006b48720000,0x0000006b48820000] [id=20548]
  0x0000025d74613560 GCTaskThread "GC Thread#5" [stack: 0x0000006b48820000,0x0000006b48920000] [id=6816]
  0x0000025d747be400 GCTaskThread "GC Thread#6" [stack: 0x0000006b48920000,0x0000006b48a20000] [id=21748]
  0x0000025d747be6b0 GCTaskThread "GC Thread#7" [stack: 0x0000006b48a20000,0x0000006b48b20000] [id=26736]
  0x0000025d4f453c10 ConcurrentGCThread "G1 Main Marker" [stack: 0x0000006b46900000,0x0000006b46a00000] [id=20696]
  0x0000025d4f454cd0 ConcurrentGCThread "G1 Conc#0" [stack: 0x0000006b46a00000,0x0000006b46b00000] [id=18884]
  0x0000025d4f4cda20 ConcurrentGCThread "G1 Refine#0" [stack: 0x0000006b46b00000,0x0000006b46c00000] [id=11744]
  0x0000025d4f4ce350 ConcurrentGCThread "G1 Service" [stack: 0x0000006b46c00000,0x0000006b46d00000] [id=15604]

Threads with active compile tasks:

VM state: not at safepoint (normal execution)

VM Mutex/Monitor currently owned by a thread: None

Heap address: 0x0000000701600000, size: 4074 MB, Compressed Oops mode: Zero based, Oop shift amount: 3

CDS archive(s) mapped at: [0x0000000800000000-0x0000000800bc0000-0x0000000800bc0000), size 12320768, SharedBaseAddress: 0x0000000800000000, ArchiveRelocationMode: 0.
Compressed class space mapped at: 0x0000000800c00000-0x0000000840c00000, reserved size: 1073741824
Narrow klass base: 0x0000000800000000, Narrow klass shift: 0, Narrow klass range: 0x100000000

GC Precious Log:
 CPUs: 12 total, 12 available
 Memory: 16289M
 Large Page Support: Disabled
 NUMA Support: Disabled
 Compressed Oops: Enabled (Zero based)
 Heap Region Size: 2M
 Heap Min Capacity: 8M
 Heap Initial Capacity: 256M
 Heap Max Capacity: 4074M
 Pre-touch: Disabled
 Parallel Workers: 10
 Concurrent Workers: 3
 Concurrent Refinement Workers: 10
 Periodic GC: Disabled

Heap:
 garbage-first heap   total 262144K, used 25027K [0x0000000701600000, 0x0000000800000000)
  region size 2048K, 14 young (28672K), 2 survivors (4096K)
 Metaspace       used 13229K, committed 13440K, reserved 1064960K
  class space    used 1564K, committed 1664K, reserved 1048576K

Heap Regions: E=young(eden), S=young(survivor), O=old, HS=humongous(starts), HC=humongous(continues), CS=collection set, F=free, OA=open archive, CA=closed archive, TAMS=top-at-mark-start (previous, next)
|   0|0x0000000701600000, 0x0000000701670e00, 0x0000000701800000| 22%| O|  |TAMS 0x0000000701600000, 0x0000000701600000| Untracked 
|   1|0x0000000701800000, 0x0000000701800000, 0x0000000701a00000|  0%| F|  |TAMS 0x0000000701800000, 0x0000000701800000| Untracked 
|   2|0x0000000701a00000, 0x0000000701a00000, 0x0000000701c00000|  0%| F|  |TAMS 0x0000000701a00000, 0x0000000701a00000| Untracked 
|   3|0x0000000701c00000, 0x0000000701c00000, 0x0000000701e00000|  0%| F|  |TAMS 0x0000000701c00000, 0x0000000701c00000| Untracked 
|   4|0x0000000701e00000, 0x0000000701e00000, 0x0000000702000000|  0%| F|  |TAMS 0x0000000701e00000, 0x0000000701e00000| Untracked 
|   5|0x0000000702000000, 0x0000000702000000, 0x0000000702200000|  0%| F|  |TAMS 0x0000000702000000, 0x0000000702000000| Untracked 
|   6|0x0000000702200000, 0x0000000702200000, 0x0000000702400000|  0%| F|  |TAMS 0x0000000702200000, 0x0000000702200000| Untracked 
|   7|0x0000000702400000, 0x0000000702400000, 0x0000000702600000|  0%| F|  |TAMS 0x0000000702400000, 0x0000000702400000| Untracked 
|   8|0x0000000702600000, 0x0000000702600000, 0x0000000702800000|  0%| F|  |TAMS 0x0000000702600000, 0x0000000702600000| Untracked 
|   9|0x0000000702800000, 0x0000000702800000, 0x0000000702a00000|  0%| F|  |TAMS 0x0000000702800000, 0x0000000702800000| Untracked 
|  10|0x0000000702a00000, 0x0000000702a00000, 0x0000000702c00000|  0%| F|  |TAMS 0x0000000702a00000, 0x0000000702a00000| Untracked 
|  11|0x0000000702c00000, 0x0000000702c00000, 0x0000000702e00000|  0%| F|  |TAMS 0x0000000702c00000, 0x0000000702c00000| Untracked 
|  12|0x0000000702e00000, 0x0000000702e00000, 0x0000000703000000|  0%| F|  |TAMS 0x0000000702e00000, 0x0000000702e00000| Untracked 
|  13|0x0000000703000000, 0x0000000703000000, 0x0000000703200000|  0%| F|  |TAMS 0x0000000703000000, 0x0000000703000000| Untracked 
|  14|0x0000000703200000, 0x0000000703200000, 0x0000000703400000|  0%| F|  |TAMS 0x0000000703200000, 0x0000000703200000| Untracked 
|  15|0x0000000703400000, 0x0000000703400000, 0x0000000703600000|  0%| F|  |TAMS 0x0000000703400000, 0x0000000703400000| Untracked 
|  16|0x0000000703600000, 0x0000000703600000, 0x0000000703800000|  0%| F|  |TAMS 0x0000000703600000, 0x0000000703600000| Untracked 
|  17|0x0000000703800000, 0x0000000703800000, 0x0000000703a00000|  0%| F|  |TAMS 0x0000000703800000, 0x0000000703800000| Untracked 
|  18|0x0000000703a00000, 0x0000000703a00000, 0x0000000703c00000|  0%| F|  |TAMS 0x0000000703a00000, 0x0000000703a00000| Untracked 
|  19|0x0000000703c00000, 0x0000000703c00000, 0x0000000703e00000|  0%| F|  |TAMS 0x0000000703c00000, 0x0000000703c00000| Untracked 
|  20|0x0000000703e00000, 0x0000000703e00000, 0x0000000704000000|  0%| F|  |TAMS 0x0000000703e00000, 0x0000000703e00000| Untracked 
|  21|0x0000000704000000, 0x0000000704000000, 0x0000000704200000|  0%| F|  |TAMS 0x0000000704000000, 0x0000000704000000| Untracked 
|  22|0x0000000704200000, 0x0000000704200000, 0x0000000704400000|  0%| F|  |TAMS 0x0000000704200000, 0x0000000704200000| Untracked 
|  23|0x0000000704400000, 0x0000000704400000, 0x0000000704600000|  0%| F|  |TAMS 0x0000000704400000, 0x0000000704400000| Untracked 
|  24|0x0000000704600000, 0x0000000704600000, 0x0000000704800000|  0%| F|  |TAMS 0x0000000704600000, 0x0000000704600000| Untracked 
|  25|0x0000000704800000, 0x0000000704800000, 0x0000000704a00000|  0%| F|  |TAMS 0x0000000704800000, 0x0000000704800000| Untracked 
|  26|0x0000000704a00000, 0x0000000704a00000, 0x0000000704c00000|  0%| F|  |TAMS 0x0000000704a00000, 0x0000000704a00000| Untracked 
|  27|0x0000000704c00000, 0x0000000704c00000, 0x0000000704e00000|  0%| F|  |TAMS 0x0000000704c00000, 0x0000000704c00000| Untracked 
|  28|0x0000000704e00000, 0x0000000704e00000, 0x0000000705000000|  0%| F|  |TAMS 0x0000000704e00000, 0x0000000704e00000| Untracked 
|  29|0x0000000705000000, 0x0000000705000000, 0x0000000705200000|  0%| F|  |TAMS 0x0000000705000000, 0x0000000705000000| Untracked 
|  30|0x0000000705200000, 0x0000000705200000, 0x0000000705400000|  0%| F|  |TAMS 0x0000000705200000, 0x0000000705200000| Untracked 
|  31|0x0000000705400000, 0x0000000705400000, 0x0000000705600000|  0%| F|  |TAMS 0x0000000705400000, 0x0000000705400000| Untracked 
|  32|0x0000000705600000, 0x0000000705600000, 0x0000000705800000|  0%| F|  |TAMS 0x0000000705600000, 0x0000000705600000| Untracked 
|  33|0x0000000705800000, 0x0000000705800000, 0x0000000705a00000|  0%| F|  |TAMS 0x0000000705800000, 0x0000000705800000| Untracked 
|  34|0x0000000705a00000, 0x0000000705a00000, 0x0000000705c00000|  0%| F|  |TAMS 0x0000000705a00000, 0x0000000705a00000| Untracked 
|  35|0x0000000705c00000, 0x0000000705c00000, 0x0000000705e00000|  0%| F|  |TAMS 0x0000000705c00000, 0x0000000705c00000| Untracked 
|  36|0x0000000705e00000, 0x0000000705e00000, 0x0000000706000000|  0%| F|  |TAMS 0x0000000705e00000, 0x0000000705e00000| Untracked 
|  37|0x0000000706000000, 0x0000000706000000, 0x0000000706200000|  0%| F|  |TAMS 0x0000000706000000, 0x0000000706000000| Untracked 
|  38|0x0000000706200000, 0x0000000706200000, 0x0000000706400000|  0%| F|  |TAMS 0x0000000706200000, 0x0000000706200000| Untracked 
|  39|0x0000000706400000, 0x0000000706400000, 0x0000000706600000|  0%| F|  |TAMS 0x0000000706400000, 0x0000000706400000| Untracked 
|  40|0x0000000706600000, 0x0000000706600000, 0x0000000706800000|  0%| F|  |TAMS 0x0000000706600000, 0x0000000706600000| Untracked 
|  41|0x0000000706800000, 0x0000000706800000, 0x0000000706a00000|  0%| F|  |TAMS 0x0000000706800000, 0x0000000706800000| Untracked 
|  42|0x0000000706a00000, 0x0000000706a00000, 0x0000000706c00000|  0%| F|  |TAMS 0x0000000706a00000, 0x0000000706a00000| Untracked 
|  43|0x0000000706c00000, 0x0000000706c00000, 0x0000000706e00000|  0%| F|  |TAMS 0x0000000706c00000, 0x0000000706c00000| Untracked 
|  44|0x0000000706e00000, 0x0000000706e00000, 0x0000000707000000|  0%| F|  |TAMS 0x0000000706e00000, 0x0000000706e00000| Untracked 
|  45|0x0000000707000000, 0x0000000707000000, 0x0000000707200000|  0%| F|  |TAMS 0x0000000707000000, 0x0000000707000000| Untracked 
|  46|0x0000000707200000, 0x0000000707200000, 0x0000000707400000|  0%| F|  |TAMS 0x0000000707200000, 0x0000000707200000| Untracked 
|  47|0x0000000707400000, 0x0000000707400000, 0x0000000707600000|  0%| F|  |TAMS 0x0000000707400000, 0x0000000707400000| Untracked 
|  48|0x0000000707600000, 0x0000000707600000, 0x0000000707800000|  0%| F|  |TAMS 0x0000000707600000, 0x0000000707600000| Untracked 
|  49|0x0000000707800000, 0x0000000707800000, 0x0000000707a00000|  0%| F|  |TAMS 0x0000000707800000, 0x0000000707800000| Untracked 
|  50|0x0000000707a00000, 0x0000000707a00000, 0x0000000707c00000|  0%| F|  |TAMS 0x0000000707a00000, 0x0000000707a00000| Untracked 
|  51|0x0000000707c00000, 0x0000000707c00000, 0x0000000707e00000|  0%| F|  |TAMS 0x0000000707c00000, 0x0000000707c00000| Untracked 
|  52|0x0000000707e00000, 0x0000000707e00000, 0x0000000708000000|  0%| F|  |TAMS 0x0000000707e00000, 0x0000000707e00000| Untracked 
|  53|0x0000000708000000, 0x0000000708000000, 0x0000000708200000|  0%| F|  |TAMS 0x0000000708000000, 0x0000000708000000| Untracked 
|  54|0x0000000708200000, 0x0000000708200000, 0x0000000708400000|  0%| F|  |TAMS 0x0000000708200000, 0x0000000708200000| Untracked 
|  55|0x0000000708400000, 0x0000000708400000, 0x0000000708600000|  0%| F|  |TAMS 0x0000000708400000, 0x0000000708400000| Untracked 
|  56|0x0000000708600000, 0x0000000708600000, 0x0000000708800000|  0%| F|  |TAMS 0x0000000708600000, 0x0000000708600000| Untracked 
|  57|0x0000000708800000, 0x0000000708800000, 0x0000000708a00000|  0%| F|  |TAMS 0x0000000708800000, 0x0000000708800000| Untracked 
|  58|0x0000000708a00000, 0x0000000708a00000, 0x0000000708c00000|  0%| F|  |TAMS 0x0000000708a00000, 0x0000000708a00000| Untracked 
|  59|0x0000000708c00000, 0x0000000708c00000, 0x0000000708e00000|  0%| F|  |TAMS 0x0000000708c00000, 0x0000000708c00000| Untracked 
|  60|0x0000000708e00000, 0x0000000708e00000, 0x0000000709000000|  0%| F|  |TAMS 0x0000000708e00000, 0x0000000708e00000| Untracked 
|  61|0x0000000709000000, 0x0000000709000000, 0x0000000709200000|  0%| F|  |TAMS 0x0000000709000000, 0x0000000709000000| Untracked 
|  62|0x0000000709200000, 0x0000000709200000, 0x0000000709400000|  0%| F|  |TAMS 0x0000000709200000, 0x0000000709200000| Untracked 
|  63|0x0000000709400000, 0x0000000709400000, 0x0000000709600000|  0%| F|  |TAMS 0x0000000709400000, 0x0000000709400000| Untracked 
|  64|0x0000000709600000, 0x0000000709600000, 0x0000000709800000|  0%| F|  |TAMS 0x0000000709600000, 0x0000000709600000| Untracked 
|  65|0x0000000709800000, 0x0000000709800000, 0x0000000709a00000|  0%| F|  |TAMS 0x0000000709800000, 0x0000000709800000| Untracked 
|  66|0x0000000709a00000, 0x0000000709a00000, 0x0000000709c00000|  0%| F|  |TAMS 0x0000000709a00000, 0x0000000709a00000| Untracked 
|  67|0x0000000709c00000, 0x0000000709c00000, 0x0000000709e00000|  0%| F|  |TAMS 0x0000000709c00000, 0x0000000709c00000| Untracked 
|  68|0x0000000709e00000, 0x0000000709e00000, 0x000000070a000000|  0%| F|  |TAMS 0x0000000709e00000, 0x0000000709e00000| Untracked 
|  69|0x000000070a000000, 0x000000070a000000, 0x000000070a200000|  0%| F|  |TAMS 0x000000070a000000, 0x000000070a000000| Untracked 
|  70|0x000000070a200000, 0x000000070a200000, 0x000000070a400000|  0%| F|  |TAMS 0x000000070a200000, 0x000000070a200000| Untracked 
|  71|0x000000070a400000, 0x000000070a400000, 0x000000070a600000|  0%| F|  |TAMS 0x000000070a400000, 0x000000070a400000| Untracked 
|  72|0x000000070a600000, 0x000000070a600000, 0x000000070a800000|  0%| F|  |TAMS 0x000000070a600000, 0x000000070a600000| Untracked 
|  73|0x000000070a800000, 0x000000070a800000, 0x000000070aa00000|  0%| F|  |TAMS 0x000000070a800000, 0x000000070a800000| Untracked 
|  74|0x000000070aa00000, 0x000000070aa00000, 0x000000070ac00000|  0%| F|  |TAMS 0x000000070aa00000, 0x000000070aa00000| Untracked 
|  75|0x000000070ac00000, 0x000000070ac00000, 0x000000070ae00000|  0%| F|  |TAMS 0x000000070ac00000, 0x000000070ac00000| Untracked 
|  76|0x000000070ae00000, 0x000000070ae00000, 0x000000070b000000|  0%| F|  |TAMS 0x000000070ae00000, 0x000000070ae00000| Untracked 
|  77|0x000000070b000000, 0x000000070b000000, 0x000000070b200000|  0%| F|  |TAMS 0x000000070b000000, 0x000000070b000000| Untracked 
|  78|0x000000070b200000, 0x000000070b200000, 0x000000070b400000|  0%| F|  |TAMS 0x000000070b200000, 0x000000070b200000| Untracked 
|  79|0x000000070b400000, 0x000000070b400000, 0x000000070b600000|  0%| F|  |TAMS 0x000000070b400000, 0x000000070b400000| Untracked 
|  80|0x000000070b600000, 0x000000070b600000, 0x000000070b800000|  0%| F|  |TAMS 0x000000070b600000, 0x000000070b600000| Untracked 
|  81|0x000000070b800000, 0x000000070b800000, 0x000000070ba00000|  0%| F|  |TAMS 0x000000070b800000, 0x000000070b800000| Untracked 
|  82|0x000000070ba00000, 0x000000070ba00000, 0x000000070bc00000|  0%| F|  |TAMS 0x000000070ba00000, 0x000000070ba00000| Untracked 
|  83|0x000000070bc00000, 0x000000070bc00000, 0x000000070be00000|  0%| F|  |TAMS 0x000000070bc00000, 0x000000070bc00000| Untracked 
|  84|0x000000070be00000, 0x000000070be00000, 0x000000070c000000|  0%| F|  |TAMS 0x000000070be00000, 0x000000070be00000| Untracked 
|  85|0x000000070c000000, 0x000000070c000000, 0x000000070c200000|  0%| F|  |TAMS 0x000000070c000000, 0x000000070c000000| Untracked 
|  86|0x000000070c200000, 0x000000070c200000, 0x000000070c400000|  0%| F|  |TAMS 0x000000070c200000, 0x000000070c200000| Untracked 
|  87|0x000000070c400000, 0x000000070c400000, 0x000000070c600000|  0%| F|  |TAMS 0x000000070c400000, 0x000000070c400000| Untracked 
|  88|0x000000070c600000, 0x000000070c600000, 0x000000070c800000|  0%| F|  |TAMS 0x000000070c600000, 0x000000070c600000| Untracked 
|  89|0x000000070c800000, 0x000000070c800000, 0x000000070ca00000|  0%| F|  |TAMS 0x000000070c800000, 0x000000070c800000| Untracked 
|  90|0x000000070ca00000, 0x000000070ca00000, 0x000000070cc00000|  0%| F|  |TAMS 0x000000070ca00000, 0x000000070ca00000| Untracked 
|  91|0x000000070cc00000, 0x000000070cc00000, 0x000000070ce00000|  0%| F|  |TAMS 0x000000070cc00000, 0x000000070cc00000| Untracked 
|  92|0x000000070ce00000, 0x000000070ce00000, 0x000000070d000000|  0%| F|  |TAMS 0x000000070ce00000, 0x000000070ce00000| Untracked 
|  93|0x000000070d000000, 0x000000070d000000, 0x000000070d200000|  0%| F|  |TAMS 0x000000070d000000, 0x000000070d000000| Untracked 
|  94|0x000000070d200000, 0x000000070d200000, 0x000000070d400000|  0%| F|  |TAMS 0x000000070d200000, 0x000000070d200000| Untracked 
|  95|0x000000070d400000, 0x000000070d400000, 0x000000070d600000|  0%| F|  |TAMS 0x000000070d400000, 0x000000070d400000| Untracked 
|  96|0x000000070d600000, 0x000000070d600000, 0x000000070d800000|  0%| F|  |TAMS 0x000000070d600000, 0x000000070d600000| Untracked 
|  97|0x000000070d800000, 0x000000070d800000, 0x000000070da00000|  0%| F|  |TAMS 0x000000070d800000, 0x000000070d800000| Untracked 
|  98|0x000000070da00000, 0x000000070da00000, 0x000000070dc00000|  0%| F|  |TAMS 0x000000070da00000, 0x000000070da00000| Untracked 
|  99|0x000000070dc00000, 0x000000070dc00000, 0x000000070de00000|  0%| F|  |TAMS 0x000000070dc00000, 0x000000070dc00000| Untracked 
| 100|0x000000070de00000, 0x000000070de00000, 0x000000070e000000|  0%| F|  |TAMS 0x000000070de00000, 0x000000070de00000| Untracked 
| 101|0x000000070e000000, 0x000000070e000000, 0x000000070e200000|  0%| F|  |TAMS 0x000000070e000000, 0x000000070e000000| Untracked 
| 102|0x000000070e200000, 0x000000070e200000, 0x000000070e400000|  0%| F|  |TAMS 0x000000070e200000, 0x000000070e200000| Untracked 
| 103|0x000000070e400000, 0x000000070e400000, 0x000000070e600000|  0%| F|  |TAMS 0x000000070e400000, 0x000000070e400000| Untracked 
| 104|0x000000070e600000, 0x000000070e600000, 0x000000070e800000|  0%| F|  |TAMS 0x000000070e600000, 0x000000070e600000| Untracked 
| 105|0x000000070e800000, 0x000000070e800000, 0x000000070ea00000|  0%| F|  |TAMS 0x000000070e800000, 0x000000070e800000| Untracked 
| 106|0x000000070ea00000, 0x000000070ea00000, 0x000000070ec00000|  0%| F|  |TAMS 0x000000070ea00000, 0x000000070ea00000| Untracked 
| 107|0x000000070ec00000, 0x000000070ec00000, 0x000000070ee00000|  0%| F|  |TAMS 0x000000070ec00000, 0x000000070ec00000| Untracked 
| 108|0x000000070ee00000, 0x000000070ee00000, 0x000000070f000000|  0%| F|  |TAMS 0x000000070ee00000, 0x000000070ee00000| Untracked 
| 109|0x000000070f000000, 0x000000070f000000, 0x000000070f200000|  0%| F|  |TAMS 0x000000070f000000, 0x000000070f000000| Untracked 
| 110|0x000000070f200000, 0x000000070f200000, 0x000000070f400000|  0%| F|  |TAMS 0x000000070f200000, 0x000000070f200000| Untracked 
| 111|0x000000070f400000, 0x000000070f400000, 0x000000070f600000|  0%| F|  |TAMS 0x000000070f400000, 0x000000070f400000| Untracked 
| 112|0x000000070f600000, 0x000000070f600000, 0x000000070f800000|  0%| F|  |TAMS 0x000000070f600000, 0x000000070f600000| Untracked 
| 113|0x000000070f800000, 0x000000070f800000, 0x000000070fa00000|  0%| F|  |TAMS 0x000000070f800000, 0x000000070f800000| Untracked 
| 114|0x000000070fa00000, 0x000000070fa6c0d0, 0x000000070fc00000| 21%| E|  |TAMS 0x000000070fa00000, 0x000000070fa00000| Complete 
| 115|0x000000070fc00000, 0x000000070fe00000, 0x000000070fe00000|100%| S|CS|TAMS 0x000000070fc00000, 0x000000070fc00000| Complete 
| 116|0x000000070fe00000, 0x0000000710000000, 0x0000000710000000|100%| S|CS|TAMS 0x000000070fe00000, 0x000000070fe00000| Complete 
| 117|0x0000000710000000, 0x0000000710200000, 0x0000000710200000|100%| E|CS|TAMS 0x0000000710000000, 0x0000000710000000| Complete 
| 118|0x0000000710200000, 0x0000000710400000, 0x0000000710400000|100%| E|CS|TAMS 0x0000000710200000, 0x0000000710200000| Complete 
| 119|0x0000000710400000, 0x0000000710600000, 0x0000000710600000|100%| E|CS|TAMS 0x0000000710400000, 0x0000000710400000| Complete 
| 120|0x0000000710600000, 0x0000000710800000, 0x0000000710800000|100%| E|  |TAMS 0x0000000710600000, 0x0000000710600000| Complete 
| 121|0x0000000710800000, 0x0000000710a00000, 0x0000000710a00000|100%| E|CS|TAMS 0x0000000710800000, 0x0000000710800000| Complete 
| 122|0x0000000710a00000, 0x0000000710c00000, 0x0000000710c00000|100%| E|CS|TAMS 0x0000000710a00000, 0x0000000710a00000| Complete 
| 123|0x0000000710c00000, 0x0000000710e00000, 0x0000000710e00000|100%| E|CS|TAMS 0x0000000710c00000, 0x0000000710c00000| Complete 
| 124|0x0000000710e00000, 0x0000000711000000, 0x0000000711000000|100%| E|CS|TAMS 0x0000000710e00000, 0x0000000710e00000| Complete 
| 125|0x0000000711000000, 0x0000000711200000, 0x0000000711200000|100%| E|CS|TAMS 0x0000000711000000, 0x0000000711000000| Complete 
| 126|0x0000000711200000, 0x0000000711400000, 0x0000000711400000|100%| E|CS|TAMS 0x0000000711200000, 0x0000000711200000| Complete 
| 127|0x0000000711400000, 0x0000000711600000, 0x0000000711600000|100%| E|CS|TAMS 0x0000000711400000, 0x0000000711400000| Complete 

Card table byte_map: [0x0000025d66950000,0x0000025d67150000] _byte_map_base: 0x0000025d63145000

Marking Bits (Prev, Next): (CMBitMap*) 0x0000025d4f443450, (CMBitMap*) 0x0000025d4f443490
 Prev Bits: [0x0000025d67950000, 0x0000025d6b8f8000)
 Next Bits: [0x0000025d6b900000, 0x0000025d6f8a8000)

Polling page: 0x0000025d4ebd0000

Metaspace:

Usage:
  Non-class:     11.39 MB used.
      Class:      1.53 MB used.
       Both:     12.92 MB used.

Virtual space:
  Non-class space:       16.00 MB reserved,      11.50 MB ( 72%) committed,  2 nodes.
      Class space:        1.00 GB reserved,       1.62 MB ( <1%) committed,  1 nodes.
             Both:        1.02 GB reserved,      13.12 MB (  1%) committed. 

Chunk freelists:
   Non-Class:  3.89 MB
       Class:  2.22 MB
        Both:  6.11 MB

MaxMetaspaceSize: unlimited
CompressedClassSpaceSize: 1.00 GB
Initial GC threshold: 21.00 MB
Current GC threshold: 21.00 MB
CDS: on
MetaspaceReclaimPolicy: balanced
 - commit_granule_bytes: 65536.
 - commit_granule_words: 8192.
 - virtual_space_node_default_size: 1048576.
 - enlarge_chunks_in_place: 1.
 - new_chunks_are_fully_committed: 0.
 - uncommit_free_chunks: 1.
 - use_allocation_guard: 0.
 - handle_deallocations: 1.


Internal statistics:

num_allocs_failed_limit: 0.
num_arena_births: 134.
num_arena_deaths: 0.
num_vsnodes_births: 3.
num_vsnodes_deaths: 0.
num_space_committed: 210.
num_space_uncommitted: 0.
num_chunks_returned_to_freelist: 0.
num_chunks_taken_from_freelist: 358.
num_chunk_merges: 0.
num_chunk_splits: 225.
num_chunks_enlarged: 146.
num_purges: 0.
num_inconsistent_stats: 0.

CodeHeap 'non-profiled nmethods': size=120000Kb used=766Kb max_used=766Kb free=119233Kb
 bounds [0x0000025d5e6d0000, 0x0000025d5e940000, 0x0000025d65c00000]
CodeHeap 'profiled nmethods': size=120000Kb used=2942Kb max_used=2942Kb free=117057Kb
 bounds [0x0000025d571a0000, 0x0000025d57480000, 0x0000025d5e6d0000]
CodeHeap 'non-nmethods': size=5760Kb used=1374Kb max_used=1379Kb free=4385Kb
 bounds [0x0000025d56c00000, 0x0000025d56e70000, 0x0000025d571a0000]
 total_blobs=2532 nmethods=1802 adapters=643
 compilation: enabled
              stopped_count=0, restarted_count=0
 full_count=0

Compilation events (20 events):
Event: 2.574 Thread 0x0000025d73008750 nmethod 1796 0x0000025d57479e90 code [0x0000025d5747a080, 0x0000025d5747a448]
Event: 2.575 Thread 0x0000025d73008750 1797       1       java.util.jar.Manifest::getMainAttributes (5 bytes)
Event: 2.576 Thread 0x0000025d73008750 nmethod 1797 0x0000025d5e78d790 code [0x0000025d5e78d920, 0x0000025d5e78d9f8]
Event: 2.576 Thread 0x0000025d73008750 1798       3       java.lang.invoke.BootstrapMethodInvoker::isLambdaMetafactoryIndyBSM (13 bytes)
Event: 2.576 Thread 0x0000025d73008750 nmethod 1798 0x0000025d5747a610 code [0x0000025d5747a7a0, 0x0000025d5747a8f8]
Event: 2.576 Thread 0x0000025d73008750 1800       3       java.lang.invoke.InnerClassLambdaMetafactory::<init> (258 bytes)
Event: 2.577 Thread 0x0000025d73008750 nmethod 1800 0x0000025d5747a990 code [0x0000025d5747ada0, 0x0000025d5747cdb8]
Event: 2.577 Thread 0x0000025d73008750 1799       3       java.lang.invoke.Invokers$Holder::invokeExact_MT (32 bytes)
Event: 2.577 Thread 0x0000025d73008750 nmethod 1799 0x0000025d5747d890 code [0x0000025d5747daa0, 0x0000025d5747e3d8]
Event: 2.577 Thread 0x0000025d73008750 1801       1       java.util.zip.ZipEntry::getCrc (5 bytes)
Event: 2.577 Thread 0x0000025d73008750 nmethod 1801 0x0000025d5e78da90 code [0x0000025d5e78dc20, 0x0000025d5e78dcf8]
Event: 2.581 Thread 0x0000025d7254a6f0 nmethod 1794 0x0000025d5e78dd90 code [0x0000025d5e78df80, 0x0000025d5e78f158]
Event: 2.582 Thread 0x0000025d73008750 1802       3       sun.nio.cs.MS949::newDecoder (21 bytes)
Event: 2.582 Thread 0x0000025d73008750 nmethod 1802 0x0000025d5747e610 code [0x0000025d5747e7c0, 0x0000025d5747e9a8]
Event: 2.587 Thread 0x0000025d73008750 1803       3       java.util.Collections$UnmodifiableCollection$1::hasNext (10 bytes)
Event: 2.587 Thread 0x0000025d73008750 nmethod 1803 0x0000025d5747ea90 code [0x0000025d5747ec40, 0x0000025d5747ee28]
Event: 2.587 Thread 0x0000025d73008750 1804       3       java.util.Collections$UnmodifiableCollection$1::next (10 bytes)
Event: 2.587 Thread 0x0000025d73008750 nmethod 1804 0x0000025d5747ef10 code [0x0000025d5747f0c0, 0x0000025d5747f2a8]
Event: 2.587 Thread 0x0000025d73008750 1805       3       java.nio.CharBuffer::arrayOffset (35 bytes)
Event: 2.587 Thread 0x0000025d73008750 nmethod 1805 0x0000025d5747f390 code [0x0000025d5747f560, 0x0000025d5747f838]

GC Heap History (2 events):
Event: 0.828 GC heap before
{Heap before GC invocations=0 (full 0):
 garbage-first heap   total 262144K, used 20480K [0x0000000701600000, 0x0000000800000000)
  region size 2048K, 11 young (22528K), 0 survivors (0K)
 Metaspace       used 7675K, committed 7872K, reserved 1056768K
  class space    used 866K, committed 960K, reserved 1048576K
}
Event: 0.831 GC heap after
{Heap after GC invocations=1 (full 0):
 garbage-first heap   total 262144K, used 4547K [0x0000000701600000, 0x0000000800000000)
  region size 2048K, 2 young (4096K), 2 survivors (4096K)
 Metaspace       used 7675K, committed 7872K, reserved 1056768K
  class space    used 866K, committed 960K, reserved 1048576K
}

Deoptimization events (20 events):
Event: 2.335 Thread 0x0000025d73d20560 DEOPT PACKING pc=0x0000025d5e7739b4 sp=0x0000006b47ffcd60
Event: 2.335 Thread 0x0000025d73d20560 DEOPT UNPACKING pc=0x0000025d56c523a3 sp=0x0000006b47ffccf8 mode 2
Event: 2.335 Thread 0x0000025d73d20560 Uncommon trap: trap_request=0xffffffc6 fr.pc=0x0000025d5e7739b4 relative=0x0000000000000094
Event: 2.335 Thread 0x0000025d73d20560 Uncommon trap: reason=bimorphic_or_optimized_type_check action=maybe_recompile pc=0x0000025d5e7739b4 method=java.lang.ref.Reference.refersTo(Ljava/lang/Object;)Z @ 2 c2
Event: 2.335 Thread 0x0000025d73d20560 DEOPT PACKING pc=0x0000025d5e7739b4 sp=0x0000006b47ffcd60
Event: 2.335 Thread 0x0000025d73d20560 DEOPT UNPACKING pc=0x0000025d56c523a3 sp=0x0000006b47ffccf8 mode 2
Event: 2.335 Thread 0x0000025d73d20560 Uncommon trap: trap_request=0xffffffc6 fr.pc=0x0000025d5e7739b4 relative=0x0000000000000094
Event: 2.335 Thread 0x0000025d73d20560 Uncommon trap: reason=bimorphic_or_optimized_type_check action=maybe_recompile pc=0x0000025d5e7739b4 method=java.lang.ref.Reference.refersTo(Ljava/lang/Object;)Z @ 2 c2
Event: 2.335 Thread 0x0000025d73d20560 DEOPT PACKING pc=0x0000025d5e7739b4 sp=0x0000006b47ffccb0
Event: 2.335 Thread 0x0000025d73d20560 DEOPT UNPACKING pc=0x0000025d56c523a3 sp=0x0000006b47ffcc48 mode 2
Event: 2.351 Thread 0x0000025d74256c20 Uncommon trap: trap_request=0xffffff45 fr.pc=0x0000025d5e7267c0 relative=0x00000000000001a0
Event: 2.351 Thread 0x0000025d74256c20 Uncommon trap: reason=unstable_if action=reinterpret pc=0x0000025d5e7267c0 method=java.io.WinNTFileSystem.normalize(Ljava/lang/String;)Ljava/lang/String; @ 40 c2
Event: 2.351 Thread 0x0000025d74256c20 DEOPT PACKING pc=0x0000025d5e7267c0 sp=0x0000006b48e2eac0
Event: 2.351 Thread 0x0000025d74256c20 DEOPT UNPACKING pc=0x0000025d56c523a3 sp=0x0000006b48e2ea38 mode 2
Event: 2.367 Thread 0x0000025d74256c20 DEOPT PACKING pc=0x0000025d572e8ad6 sp=0x0000006b48e2df30
Event: 2.367 Thread 0x0000025d74256c20 DEOPT UNPACKING pc=0x0000025d56c52b43 sp=0x0000006b48e2d3d0 mode 0
Event: 2.543 Thread 0x0000025d74255db0 Uncommon trap: trap_request=0xffffff45 fr.pc=0x0000025d5e6e54b8 relative=0x0000000000000038
Event: 2.543 Thread 0x0000025d74255db0 Uncommon trap: reason=unstable_if action=reinterpret pc=0x0000025d5e6e54b8 method=java.lang.StringLatin1.canEncode(I)Z @ 4 c2
Event: 2.543 Thread 0x0000025d74255db0 DEOPT PACKING pc=0x0000025d5e6e54b8 sp=0x0000006b4912c580
Event: 2.543 Thread 0x0000025d74255db0 DEOPT UNPACKING pc=0x0000025d56c523a3 sp=0x0000006b4912c510 mode 2

Classes unloaded (0 events):
No events

Classes redefined (0 events):
No events

Internal exceptions (20 events):
Event: 0.391 Thread 0x0000025d73d20560 Exception <a 'java/lang/NoSuchMethodError'{0x0000000710913a98}: 'java.lang.Object java.lang.invoke.DirectMethodHandle$Holder.invokeStatic(java.lang.Object, int, java.lang.Object)'> (0x0000000710913a98) 
thrown [t:\workspace\open\src\hotspot\share\interpreter\linkResolver.cpp, line 766]
Event: 0.402 Thread 0x0000025d73d20560 Exception <a 'java/lang/ClassNotFoundException'{0x00000007109cb298}: com/sun/swing/internal/plaf/metal/resources/spi/metalProvider> (0x00000007109cb298) 
thrown [t:\workspace\open\src\hotspot\share\classfile\systemDictionary.cpp, line 256]
Event: 0.403 Thread 0x0000025d73d20560 Exception <a 'java/lang/ClassNotFoundException'{0x00000007109cf160}: com/sun/swing/internal/plaf/basic/resources/spi/basicProvider> (0x00000007109cf160) 
thrown [t:\workspace\open\src\hotspot\share\classfile\systemDictionary.cpp, line 256]
Event: 0.405 Thread 0x0000025d73d20560 Implicit null exception at 0x0000025d5e6f6358 to 0x0000025d5e6f63ee
Event: 0.409 Thread 0x0000025d73d20560 Implicit null exception at 0x0000025d5e6f5d0f to 0x0000025d5e6f5d89
Event: 0.432 Thread 0x0000025d73c74c60 Exception <a 'java/lang/NoSuchMethodError'{0x0000000710beb608}: 'void java.lang.invoke.DirectMethodHandle$Holder.invokeVirtual(java.lang.Object, java.lang.Object)'> (0x0000000710beb608) 
thrown [t:\workspace\open\src\hotspot\share\interpreter\linkResolver.cpp, line 766]
Event: 0.439 Thread 0x0000025d73d20560 Exception <a 'java/lang/NoSuchMethodError'{0x000000071064af20}: 'void java.lang.invoke.DirectMethodHandle$Holder.invokeStaticInit(java.lang.Object)'> (0x000000071064af20) 
thrown [t:\workspace\open\src\hotspot\share\interpreter\linkResolver.cpp, line 766]
Event: 0.446 Thread 0x0000025d73d20560 Exception <a 'java/io/FileNotFoundException'{0x0000000710657bf0}> (0x0000000710657bf0) 
thrown [t:\workspace\open\src\hotspot\share\prims\jni.cpp, line 516]
Event: 0.537 Thread 0x0000025d73d20560 Exception <a 'java/io/FileNotFoundException'{0x00000007104bb530}> (0x00000007104bb530) 
thrown [t:\workspace\open\src\hotspot\share\prims\jni.cpp, line 516]
Event: 0.571 Thread 0x0000025d73d20560 Exception <a 'java/io/FileNotFoundException'{0x000000071057de38}> (0x000000071057de38) 
thrown [t:\workspace\open\src\hotspot\share\prims\jni.cpp, line 516]
Event: 0.840 Thread 0x0000025d73d20560 Implicit null exception at 0x0000025d5e732c53 to 0x0000025d5e736928
Event: 2.338 Thread 0x0000025d73d20560 Exception <a 'java/lang/NoSuchMethodError'{0x0000000710dc2988}: 'void java.lang.invoke.DirectMethodHandle$Holder.invokeStatic(java.lang.Object, java.lang.Object, java.lang.Object)'> (0x0000000710dc2988) 
thrown [t:\workspace\open\src\hotspot\share\interpreter\linkResolver.cpp, line 766]
Event: 2.453 Thread 0x0000025d74256c20 Exception <a 'java/lang/NoSuchMethodError'{0x000000071090a710}: 'int java.lang.invoke.DirectMethodHandle$Holder.invokeStaticInit(java.lang.Object, java.lang.Object, java.lang.Object)'> (0x000000071090a710) 
thrown [t:\workspace\open\src\hotspot\share\interpreter\linkResolver.cpp, line 766]
Event: 2.454 Thread 0x0000025d74256c20 Exception <a 'java/lang/NoSuchMethodError'{0x0000000710913da0}: 'void java.lang.invoke.DirectMethodHandle$Holder.invokeStatic(java.lang.Object, java.lang.Object)'> (0x0000000710913da0) 
thrown [t:\workspace\open\src\hotspot\share\interpreter\linkResolver.cpp, line 766]
Event: 2.461 Thread 0x0000025d74256c20 Exception <a 'java/lang/NoSuchMethodError'{0x000000071061b278}: 'java.lang.Object java.lang.invoke.DirectMethodHandle$Holder.newInvokeSpecial(java.lang.Object, java.lang.Object, int, java.lang.Object)'> (0x000000071061b278) 
thrown [t:\workspace\open\src\hotspot\share\interpreter\linkResolver.cpp, line 766]
Event: 2.461 Thread 0x0000025d74256c20 Exception <a 'java/lang/NoSuchMethodError'{0x000000071061f3b0}: 'java.lang.Object java.lang.invoke.DirectMethodHandle$Holder.invokeSpecial(java.lang.Object, java.lang.Object, java.lang.Object, int, java.lang.Object)'> (0x000000071061f3b0) 
thrown [t:\workspace\open\src\hotspot\share\interpreter\linkResolver.cpp, line 766]
Event: 2.540 Thread 0x0000025d73d20560 Exception <a 'java/lang/NoSuchMethodError'{0x00000007102860b0}: 'java.lang.Object java.lang.invoke.DirectMethodHandle$Holder.invokeStaticInit(java.lang.Object, java.lang.Object, java.lang.Object, java.lang.Object)'> (0x00000007102860b0) 
thrown [t:\workspace\open\src\hotspot\share\interpreter\linkResolver.cpp, line 766]
Event: 2.541 Thread 0x0000025d74255db0 Exception <a 'java/lang/NullPointerException'{0x000000071022e698}> (0x000000071022e698) 
thrown [t:\workspace\open\src\hotspot\share\interpreter\linkResolver.cpp, line 1357]
Event: 2.586 Thread 0x0000025d74255db0 Exception <a 'java/lang/IllegalAccessError'{0x000000070fa404b8}: class com.sun.javafx.webkit.prism.WCFontImpl (in unnamed module @0x743b344c) cannot access class com.sun.javafx.font.FontFactory (in module javafx.graphics) because module javafx.graphics does not export com.sun.javafx.font to unnamed module @0x743b344c> (0x000000070fa404b8) 
thrown [t:\workspace\open\src\hotspot\share\interpreter\linkResolver.cpp, line 312]
Event: 2.587 Thread 0x0000025d74255db0 Exception <a 'java/lang/IllegalAccessError'{0x000000070fa46a80}: class com.sun.javafx.webkit.prism.WCFontImpl (in unnamed module @0x743b344c) cannot access class com.sun.javafx.font.FontFactory (in module javafx.graphics) because module javafx.graphics does not export com.sun.javafx.font to unnamed module @0x743b344c> (0x000000070fa46a80) 
thrown [t:\workspace\open\src\hotspot\share\oops\constantPool.cpp, line 837]

VM Operations (20 events):
Event: 0.059 Executing VM operation: HandshakeAllThreads
Event: 0.059 Executing VM operation: HandshakeAllThreads done
Event: 0.100 Executing VM operation: HandshakeAllThreads
Event: 0.100 Executing VM operation: HandshakeAllThreads done
Event: 0.418 Executing VM operation: HandshakeAllThreads
Event: 0.418 Executing VM operation: HandshakeAllThreads done
Event: 0.456 Executing VM operation: HandshakeAllThreads
Event: 0.456 Executing VM operation: HandshakeAllThreads done
Event: 0.501 Executing VM operation: HandshakeAllThreads
Event: 0.501 Executing VM operation: HandshakeAllThreads done
Event: 0.505 Executing VM operation: ICBufferFull
Event: 0.505 Executing VM operation: ICBufferFull done
Event: 0.828 Executing VM operation: G1CollectForAllocation
Event: 0.831 Executing VM operation: G1CollectForAllocation done
Event: 0.989 Executing VM operation: HandshakeAllThreads
Event: 0.989 Executing VM operation: HandshakeAllThreads done
Event: 1.999 Executing VM operation: Cleanup
Event: 1.999 Executing VM operation: Cleanup done
Event: 2.529 Executing VM operation: HandshakeAllThreads
Event: 2.529 Executing VM operation: HandshakeAllThreads done

Events (20 events):
Event: 2.562 loading class java/util/concurrent/RunnableScheduledFuture
Event: 2.562 loading class java/util/concurrent/ScheduledFuture
Event: 2.562 loading class java/util/concurrent/ScheduledFuture done
Event: 2.562 loading class java/util/concurrent/RunnableScheduledFuture done
Event: 2.565 loading class java/net/CookieHandler
Event: 2.565 loading class java/net/CookieHandler done
Event: 2.569 Loaded shared library C:\Program Files\Java\jdk-17.0.1\bin\jfxwebkit.dll
Event: 2.570 loading class java/nio/file/InvalidPathException
Event: 2.570 loading class java/nio/file/InvalidPathException done
Event: 2.571 loading class java/io/UnsupportedEncodingException
Event: 2.571 loading class java/io/UnsupportedEncodingException done
Event: 2.583 Loaded shared library C:\Program Files\Java\jdk-17.0.1\bin\javafx_font.dll
Event: 2.586 loading class java/lang/IllegalAccessError
Event: 2.586 loading class java/lang/IllegalAccessError done
Event: 2.586 loading class java/lang/Throwable$WrappedPrintStream
Event: 2.586 loading class java/lang/Throwable$PrintStreamOrWriter
Event: 2.586 loading class java/lang/Throwable$PrintStreamOrWriter done
Event: 2.586 loading class java/lang/Throwable$WrappedPrintStream done
Event: 2.587 loading class java/lang/StackTraceElement$HashedModules
Event: 2.587 loading class java/lang/StackTraceElement$HashedModules done


Dynamic libraries:
0x00007ff64c290000 - 0x00007ff64c2a0000 	C:\Program Files\Java\jdk-17.0.1\bin\java.exe
0x00007ffb42710000 - 0x00007ffb42905000 	C:\WINDOWS\SYSTEM32\ntdll.dll
0x00007ffb41310000 - 0x00007ffb413cd000 	C:\WINDOWS\System32\KERNEL32.DLL
0x00007ffb3fea0000 - 0x00007ffb40169000 	C:\WINDOWS\System32\KERNELBASE.dll
0x00007ffb404e0000 - 0x00007ffb405e0000 	C:\WINDOWS\System32\ucrtbase.dll
0x00007ffb3a030000 - 0x00007ffb3a04a000 	C:\Program Files\Java\jdk-17.0.1\bin\VCRUNTIME140.dll
0x00007ffb28b40000 - 0x00007ffb28b58000 	C:\Program Files\Java\jdk-17.0.1\bin\jli.dll
0x00007ffb40d80000 - 0x00007ffb40e2c000 	C:\WINDOWS\System32\ADVAPI32.dll
0x00007ffb407d0000 - 0x00007ffb4086e000 	C:\WINDOWS\System32\msvcrt.dll
0x00007ffb40a10000 - 0x00007ffb40aac000 	C:\WINDOWS\System32\sechost.dll
0x00007ffb40ab0000 - 0x00007ffb40bdb000 	C:\WINDOWS\System32\RPCRT4.dll
0x00007ffb40870000 - 0x00007ffb40a10000 	C:\WINDOWS\System32\USER32.dll
0x00007ffb403d0000 - 0x00007ffb403f2000 	C:\WINDOWS\System32\win32u.dll
0x00007ffb412e0000 - 0x00007ffb4130a000 	C:\WINDOWS\System32\GDI32.dll
0x00007ffb40660000 - 0x00007ffb4076b000 	C:\WINDOWS\System32\gdi32full.dll
0x00007ffb2aa40000 - 0x00007ffb2acda000 	C:\WINDOWS\WinSxS\amd64_microsoft.windows.common-controls_6595b64144ccf1df_6.0.19041.844_none_ca00b6081b84eb1d\COMCTL32.dll
0x00007ffb40330000 - 0x00007ffb403cd000 	C:\WINDOWS\System32\msvcp_win.dll
0x00007ffb38630000 - 0x00007ffb3863a000 	C:\WINDOWS\SYSTEM32\VERSION.dll
0x00007ffb416a0000 - 0x00007ffb416d0000 	C:\WINDOWS\System32\IMM32.DLL
0x00007ffb380f0000 - 0x00007ffb380fc000 	C:\Program Files\Java\jdk-17.0.1\bin\vcruntime140_1.dll
0x00007ffb09e90000 - 0x00007ffb09f1d000 	C:\Program Files\Java\jdk-17.0.1\bin\msvcp140.dll
0x00007ffb04e80000 - 0x00007ffb05a3e000 	C:\Program Files\Java\jdk-17.0.1\bin\server\jvm.dll
0x00007ffb414d0000 - 0x00007ffb414d8000 	C:\WINDOWS\System32\PSAPI.DLL
0x00007ffb25e50000 - 0x00007ffb25e59000 	C:\WINDOWS\SYSTEM32\WSOCK32.dll
0x00007ffb37270000 - 0x00007ffb37297000 	C:\WINDOWS\SYSTEM32\WINMM.dll
0x00007ffb40be0000 - 0x00007ffb40c4b000 	C:\WINDOWS\System32\WS2_32.dll
0x00007ffb3e760000 - 0x00007ffb3e772000 	C:\WINDOWS\SYSTEM32\kernel.appcore.dll
0x00007ffb37f00000 - 0x00007ffb37f0a000 	C:\Program Files\Java\jdk-17.0.1\bin\jimage.dll
0x00007ffb3e290000 - 0x00007ffb3e474000 	C:\WINDOWS\SYSTEM32\DBGHELP.DLL
0x00007ffb25d20000 - 0x00007ffb25d4c000 	C:\WINDOWS\SYSTEM32\dbgcore.DLL
0x00007ffb405e0000 - 0x00007ffb40660000 	C:\WINDOWS\System32\bcryptPrimitives.dll
0x00007ffb252a0000 - 0x00007ffb252c5000 	C:\Program Files\Java\jdk-17.0.1\bin\java.dll
0x00007ffb09f20000 - 0x00007ffb09ff6000 	C:\Program Files\Java\jdk-17.0.1\bin\svml.dll
0x00007ffb41a60000 - 0x00007ffb421a2000 	C:\WINDOWS\System32\SHELL32.dll
0x00007ffb3da30000 - 0x00007ffb3e1c0000 	C:\WINDOWS\SYSTEM32\windows.storage.dll
0x00007ffb40f20000 - 0x00007ffb41275000 	C:\WINDOWS\System32\combase.dll
0x00007ffb3f7f0000 - 0x00007ffb3f81c000 	C:\WINDOWS\SYSTEM32\Wldp.dll
0x00007ffb42620000 - 0x00007ffb426ce000 	C:\WINDOWS\System32\SHCORE.dll
0x00007ffb41930000 - 0x00007ffb41985000 	C:\WINDOWS\System32\shlwapi.dll
0x00007ffb3fd90000 - 0x00007ffb3fdaf000 	C:\WINDOWS\SYSTEM32\profapi.dll
0x00007ffb28a60000 - 0x00007ffb28a79000 	C:\Program Files\Java\jdk-17.0.1\bin\net.dll
0x00007ffb38320000 - 0x00007ffb3842c000 	C:\WINDOWS\SYSTEM32\WINHTTP.dll
0x00007ffb3f570000 - 0x00007ffb3f5da000 	C:\WINDOWS\system32\mswsock.dll
0x00007ffb28a20000 - 0x00007ffb28a35000 	C:\Program Files\Java\jdk-17.0.1\bin\nio.dll
0x00007ffb288b0000 - 0x00007ffb288c8000 	C:\Program Files\Java\jdk-17.0.1\bin\zip.dll
0x00007ffb09730000 - 0x00007ffb098bf000 	C:\Program Files\Java\jdk-17.0.1\bin\awt.dll
0x00007ffb41990000 - 0x00007ffb41a5d000 	C:\WINDOWS\System32\OLEAUT32.dll
0x00007ffb3c930000 - 0x00007ffb3c9c0000 	C:\WINDOWS\SYSTEM32\apphelp.dll
0x00007ffb3ca60000 - 0x00007ffb3cafe000 	C:\WINDOWS\system32\uxtheme.dll
0x00007ffb414e0000 - 0x00007ffb415f5000 	C:\WINDOWS\System32\MSCTF.dll
0x00007ffb14550000 - 0x00007ffb145ec000 	C:\WINDOWS\system32\IMGSF50Filter_x64.dll
0x00007ffb40c50000 - 0x00007ffb40d7a000 	C:\WINDOWS\System32\ole32.dll
0x00007ffb13db0000 - 0x00007ffb13ed6000 	C:\WINDOWS\SYSTEM32\Opengl32.dll
0x00007ffb142a0000 - 0x00007ffb142cc000 	C:\WINDOWS\SYSTEM32\GLU32.dll
0x00007ffb3cde0000 - 0x00007ffb3ce0f000 	C:\WINDOWS\system32\DWMAPI.DLL
0x00007ffb12420000 - 0x00007ffb125ef000 	C:\WINDOWS\system32\d3d9.dll
0x00007ffb34460000 - 0x00007ffb3451e000 	C:\WINDOWS\System32\DriverStore\FileRepository\nv_dispi.inf_amd64_2fe7c165c5dd3267\nvldumdx.dll
0x00007ffb3f970000 - 0x00007ffb3f982000 	C:\WINDOWS\SYSTEM32\msasn1.dll
0x00007ffb382c0000 - 0x00007ffb382f1000 	C:\WINDOWS\SYSTEM32\cryptnet.dll
0x00007ffb40170000 - 0x00007ffb402cf000 	C:\WINDOWS\System32\CRYPT32.dll
0x00007ffb37f20000 - 0x00007ffb3806a000 	C:\WINDOWS\SYSTEM32\drvstore.dll
0x00007ffb3fb30000 - 0x00007ffb3fb5c000 	C:\WINDOWS\SYSTEM32\devobj.dll
0x00007ffb3fe50000 - 0x00007ffb3fe9e000 	C:\WINDOWS\System32\cfgmgr32.dll
0x00007ffb3f760000 - 0x00007ffb3f76c000 	C:\WINDOWS\SYSTEM32\cryptbase.dll
0x00007ffb402d0000 - 0x00007ffb40330000 	C:\WINDOWS\System32\wintrust.dll
0x00007ffb41600000 - 0x00007ffb4161d000 	C:\WINDOWS\System32\imagehlp.dll
0x00007ffb3f740000 - 0x00007ffb3f758000 	C:\WINDOWS\SYSTEM32\CRYPTSP.dll
0x00007ffb3ef10000 - 0x00007ffb3ef44000 	C:\WINDOWS\system32\rsaenh.dll
0x00007ffb404b0000 - 0x00007ffb404d7000 	C:\WINDOWS\System32\bcrypt.dll
0x00007ffb31ac0000 - 0x00007ffb33cdd000 	C:\WINDOWS\System32\DriverStore\FileRepository\nv_dispi.inf_amd64_2fe7c165c5dd3267\nvgpucomp64.dll
0x00007ffad2080000 - 0x00007ffad442f000 	C:\WINDOWS\System32\DriverStore\FileRepository\nv_dispi.inf_amd64_2fe7c165c5dd3267\nvd3dumx.dll
0x00007ffaf42e0000 - 0x00007ffaf45b0000 	C:\WINDOWS\system32\nvspcap64.dll
0x00007ffb3eb80000 - 0x00007ffb3ebb3000 	C:\WINDOWS\SYSTEM32\ntmarta.dll
0x00007ffb3e730000 - 0x00007ffb3e753000 	C:\WINDOWS\SYSTEM32\gpapi.dll
0x00007ffb34850000 - 0x00007ffb3488b000 	C:\WINDOWS\SYSTEM32\dxcore.dll
0x00007ffb096a0000 - 0x00007ffb09729000 	C:\Program Files\Java\jdk-17.0.1\bin\freetype.dll
0x00007ffb08ee0000 - 0x00007ffb08f88000 	C:\Program Files\Java\jdk-17.0.1\bin\fontmanager.dll
0x00007ffb416d0000 - 0x00007ffb41779000 	C:\WINDOWS\System32\clbcatq.dll
0x00007ffb38100000 - 0x00007ffb382b4000 	C:\WINDOWS\SYSTEM32\WindowsCodecs.dll
0x00007ffb165e0000 - 0x00007ffb1661e000 	C:\WINDOWS\system32\dataexchange.dll
0x00007ffb3b8d0000 - 0x00007ffb3bab7000 	C:\WINDOWS\system32\dcomp.dll
0x00007ffb3e480000 - 0x00007ffb3e6e4000 	C:\WINDOWS\system32\d3d11.dll
0x00007ffb3e780000 - 0x00007ffb3e873000 	C:\WINDOWS\system32\dxgi.dll
0x00007ffb3a5b0000 - 0x00007ffb3a7b1000 	C:\WINDOWS\system32\twinapi.appcore.dll
0x00007ffb31770000 - 0x00007ffb3186b000 	C:\WINDOWS\SYSTEM32\textinputframework.dll
0x00007ffb3c2c0000 - 0x00007ffb3c61e000 	C:\WINDOWS\System32\CoreUIComponents.dll
0x00007ffb3c720000 - 0x00007ffb3c812000 	C:\WINDOWS\System32\CoreMessaging.dll
0x00007ffb3b170000 - 0x00007ffb3b2c4000 	C:\WINDOWS\SYSTEM32\wintypes.dll
0x00007ffb268f0000 - 0x00007ffb269c1000 	C:\Windows\System32\IME\IMEKR\imkrtip.dll
0x00007ffb3b5b0000 - 0x00007ffb3b6a7000 	C:\WINDOWS\SYSTEM32\PROPSYS.dll
0x00007ffb0c110000 - 0x00007ffb0c252000 	C:\Windows\System32\IME\shared\imetip.dll
0x00007ffb2a9d0000 - 0x00007ffb2aa36000 	C:\WINDOWS\SYSTEM32\OLEACC.dll
0x00007ffb0bd50000 - 0x00007ffb0befe000 	C:\WINDOWS\SYSTEM32\DUI70.dll
0x00007ffb347d0000 - 0x00007ffb34811000 	C:\Windows\System32\IME\IMEKR\imkrapi.dll
0x00007ffb3b7f0000 - 0x00007ffb3b890000 	C:\WINDOWS\SYSTEM32\policymanager.dll
0x00007ffb3efa0000 - 0x00007ffb3f02a000 	C:\WINDOWS\SYSTEM32\msvcp110_win.dll
0x00007ffb34790000 - 0x00007ffb347ce000 	C:\Windows\System32\IME\shared\imjkapi.dll
0x0000025d7d620000 - 0x0000025d7d623000 	C:\Program Files\Java\jdk-17.0.1\bin\api-ms-win-core-console-l1-1-0.dll
0x0000025d7d630000 - 0x0000025d7d633000 	C:\Program Files\Java\jdk-17.0.1\bin\api-ms-win-core-console-l1-2-0.dll
0x0000025d7d640000 - 0x0000025d7d643000 	C:\Program Files\Java\jdk-17.0.1\bin\api-ms-win-core-datetime-l1-1-0.dll
0x0000025d7d650000 - 0x0000025d7d653000 	C:\Program Files\Java\jdk-17.0.1\bin\api-ms-win-core-debug-l1-1-0.dll
0x0000025d7d660000 - 0x0000025d7d663000 	C:\Program Files\Java\jdk-17.0.1\bin\api-ms-win-core-errorhandling-l1-1-0.dll
0x0000025d7d670000 - 0x0000025d7d674000 	C:\Program Files\Java\jdk-17.0.1\bin\api-ms-win-core-file-l1-1-0.dll
0x0000025d7d680000 - 0x0000025d7d683000 	C:\Program Files\Java\jdk-17.0.1\bin\api-ms-win-core-file-l1-2-0.dll
0x0000025d7d690000 - 0x0000025d7d693000 	C:\Program Files\Java\jdk-17.0.1\bin\api-ms-win-core-file-l2-1-0.dll
0x0000025d7d6a0000 - 0x0000025d7d6a3000 	C:\Program Files\Java\jdk-17.0.1\bin\api-ms-win-core-handle-l1-1-0.dll
0x0000025d7d6b0000 - 0x0000025d7d6b3000 	C:\Program Files\Java\jdk-17.0.1\bin\api-ms-win-core-heap-l1-1-0.dll
0x0000025d7d6c0000 - 0x0000025d7d6c3000 	C:\Program Files\Java\jdk-17.0.1\bin\api-ms-win-core-interlocked-l1-1-0.dll
0x0000025d7d6d0000 - 0x0000025d7d6d3000 	C:\Program Files\Java\jdk-17.0.1\bin\api-ms-win-core-libraryloader-l1-1-0.dll
0x0000025d7d6e0000 - 0x0000025d7d6e3000 	C:\Program Files\Java\jdk-17.0.1\bin\api-ms-win-core-localization-l1-2-0.dll
0x0000025d7d700000 - 0x0000025d7d703000 	C:\Program Files\Java\jdk-17.0.1\bin\api-ms-win-core-memory-l1-1-0.dll
0x0000025d7d710000 - 0x0000025d7d713000 	C:\Program Files\Java\jdk-17.0.1\bin\api-ms-win-core-namedpipe-l1-1-0.dll
0x0000025d7d720000 - 0x0000025d7d723000 	C:\Program Files\Java\jdk-17.0.1\bin\api-ms-win-core-processenvironment-l1-1-0.dll
0x0000025d7d730000 - 0x0000025d7d733000 	C:\Program Files\Java\jdk-17.0.1\bin\api-ms-win-core-processthreads-l1-1-0.dll
0x0000025d7d740000 - 0x0000025d7d743000 	C:\Program Files\Java\jdk-17.0.1\bin\api-ms-win-core-processthreads-l1-1-1.dll
0x0000025d7d750000 - 0x0000025d7d753000 	C:\Program Files\Java\jdk-17.0.1\bin\api-ms-win-core-profile-l1-1-0.dll
0x0000025d7d760000 - 0x0000025d7d763000 	C:\Program Files\Java\jdk-17.0.1\bin\api-ms-win-core-rtlsupport-l1-1-0.dll
0x0000025d7d770000 - 0x0000025d7d773000 	C:\Program Files\Java\jdk-17.0.1\bin\api-ms-win-core-string-l1-1-0.dll
0x0000025d7d780000 - 0x0000025d7d783000 	C:\Program Files\Java\jdk-17.0.1\bin\api-ms-win-core-synch-l1-1-0.dll
0x0000025d7d790000 - 0x0000025d7d793000 	C:\Program Files\Java\jdk-17.0.1\bin\api-ms-win-core-synch-l1-2-0.dll
0x0000025d7d7a0000 - 0x0000025d7d7a3000 	C:\Program Files\Java\jdk-17.0.1\bin\api-ms-win-core-sysinfo-l1-1-0.dll
0x0000025d7d7b0000 - 0x0000025d7d7b3000 	C:\Program Files\Java\jdk-17.0.1\bin\api-ms-win-core-timezone-l1-1-0.dll
0x0000025d7d7c0000 - 0x0000025d7d7c3000 	C:\Program Files\Java\jdk-17.0.1\bin\api-ms-win-core-util-l1-1-0.dll
0x0000025d7d7d0000 - 0x0000025d7d7d3000 	C:\Program Files\Java\jdk-17.0.1\bin\api-ms-win-crt-conio-l1-1-0.dll
0x0000025d7d7e0000 - 0x0000025d7d7e4000 	C:\Program Files\Java\jdk-17.0.1\bin\api-ms-win-crt-convert-l1-1-0.dll
0x0000025d7d7f0000 - 0x0000025d7d7f3000 	C:\Program Files\Java\jdk-17.0.1\bin\api-ms-win-crt-environment-l1-1-0.dll
0x0000025d7e000000 - 0x0000025d7e003000 	C:\Program Files\Java\jdk-17.0.1\bin\api-ms-win-crt-filesystem-l1-1-0.dll
0x0000025d7e010000 - 0x0000025d7e013000 	C:\Program Files\Java\jdk-17.0.1\bin\api-ms-win-crt-heap-l1-1-0.dll

dbghelp: loaded successfully - version: 4.0.5 - missing functions: none
symbol engine: initialized successfully - sym options: 0x614 - pdb path: .;C:\Program Files\Java\jdk-17.0.1\bin;C:\WINDOWS\SYSTEM32;C:\WINDOWS\WinSxS\amd64_microsoft.windows.common-controls_6595b64144ccf1df_6.0.19041.844_none_ca00b6081b84eb1d;C:\Program Files\Java\jdk-17.0.1\bin\server;C:\WINDOWS\System32\DriverStore\FileRepository\nv_dispi.inf_amd64_2fe7c165c5dd3267;C:\Windows\System32\IME\IMEKR;C:\Windows\System32\IME\shared

VM Arguments:
jvm_args: -Dfile.encoding=UTF-8 --module-path=C:\Users\user\Downloads\JavaProject\lib --add-modules=javafx.controls,javafx.fxml --add-opens=javafx.graphics/com.sun.javafx.application=ALL-UNNAMED --add-exports=javafx.base/com.sun.javafx.logging=ALL-UNNAMED --add-opens=javafx.base/com.sun.javafx.logging=ALL-UNNAMED --add-opens=javafx.graphics/com.sun.javafx.embed=ALL-UNNAMED --add-opens=javafx.graphics/com.sun.glass.ui=ALL-UNNAMED --add-opens=javafx.graphics/com.sun.javafx.sg.prism=ALL-UNNAMED --add-opens=javafx.graphics/com.sun.javafx.scene=ALL-UNNAMED --add-opens=javafx.graphics/com.sun.javafx.util=ALL-UNNAMED --add-opens=javafx.graphics/com.sun.prism=ALL-UNNAMED --add-opens=javafx.graphics/com.sun.javafx.geom.transform=ALL-UNNAMED --add-opens=javafx.graphics/com.sun.javafx.tk=ALL-UNNAMED --add-opens=javafx.graphics/com.sun.javafx.tk=ALL-UNNAMED --add-opens=javafx.graphics/com.sun.glass.utils=ALL-UNNAMED --add-opens=javafx.graphics/com.sun.glass.utils=ALL-UNNAMED --add-opens=javafx.graphics/com.sun.javafx.font=ALL-UNNAMED




 
java_command: MainFrame
java_class_path (initial): C:\Users\user\Downloads\JavaProject\lib\ojdbc11.jar;C:\Users\user\Downloads\JavaProject\lib\javafx-swt.jar;C:\Users\user\Downloads\JavaProject\lib\javafx.base.jar;C:\Users\user\Downloads\JavaProject\lib\javafx.controls.jar;C:\Users\user\Downloads\JavaProject\lib\javafx.fxml.jar;C:\Users\user\Downloads\JavaProject\lib\javafx.graphics.jar;C:\Users\user\Downloads\JavaProject\lib\javafx.media.jar;C:\Users\user\Downloads\JavaProject\lib\javafx.swing.jar;C:\Users\user\Downloads\JavaProject\lib\javafx.web.jar;C:\Users\user\Downloads\JavaProject\build\classes
Launcher Type: SUN_STANDARD

[Global flags]
     intx CICompilerCount                          = 4                                         {product} {ergonomic}
     uint ConcGCThreads                            = 3                                         {product} {ergonomic}
     uint G1ConcRefinementThreads                  = 10                                        {product} {ergonomic}
   size_t G1HeapRegionSize                         = 2097152                                   {product} {ergonomic}
    uintx GCDrainStackTargetSize                   = 64                                        {product} {ergonomic}
   size_t InitialHeapSize                          = 268435456                                 {product} {ergonomic}
   size_t MarkStackSize                            = 4194304                                   {product} {ergonomic}
   size_t MaxHeapSize                              = 4271898624                                {product} {ergonomic}
   size_t MaxNewSize                               = 2562719744                                {product} {ergonomic}
   size_t MinHeapDeltaBytes                        = 2097152                                   {product} {ergonomic}
   size_t MinHeapSize                              = 8388608                                   {product} {ergonomic}
    uintx NonNMethodCodeHeapSize                   = 5839372                                {pd product} {ergonomic}
    uintx NonProfiledCodeHeapSize                  = 122909434                              {pd product} {ergonomic}
    uintx ProfiledCodeHeapSize                     = 122909434                              {pd product} {ergonomic}
    uintx ReservedCodeCacheSize                    = 251658240                              {pd product} {ergonomic}
     bool SegmentedCodeCache                       = true                                      {product} {ergonomic}
   size_t SoftMaxHeapSize                          = 4271898624                             {manageable} {ergonomic}
     bool UseCompressedClassPointers               = true                           {product lp64_product} {ergonomic}
     bool UseCompressedOops                        = true                           {product lp64_product} {ergonomic}
     bool UseG1GC                                  = true                                      {product} {ergonomic}
     bool UseLargePagesIndividualAllocation        = false                                  {pd product} {ergonomic}

Logging:
Log output configuration:
 #0: stdout all=warning uptime,level,tags
 #1: stderr all=off uptime,level,tags

Environment Variables:
PATH=C:\Program Files\Common Files\Oracle\Java\javapath;C:\Program Files (x86)\Common Files\Oracle\Java\javapath;C:\Program Files (x86)\NAT Service;C:\Program Files (x86)\NVIDIA Corporation\PhysX\Common;C:\ProgramData\Oracle\Java\javapath;C:\Windows\system32;C:\Windows;C:\Windows\System32\Wbem;C:\Windows\System32\WindowsPowerShell\v1.0\;C:\WINDOWS\system32;C:\WINDOWS;C:\WINDOWS\System32\Wbem;C:\WINDOWS\System32\WindowsPowerShell\v1.0\;C:\Program Files\Microsoft SQL Server\130\Tools\Binn\;C:\WINDOWS\System32\OpenSSH\;C:\Program Files (x86)\Smart Projects\IsoBuster;C:\Program Files (x86)\Microsoft SQL Server\100\Tools\Binn\;C:\Program Files\Microsoft SQL Server\100\Tools\Binn\;C:\Program Files\Microsoft SQL Server\100\DTS\Binn\;C:\Program Files\NVIDIA Corporation\NVIDIA NvDLISR;C:\Program Files\dotnet\;C:\WINDOWS\system32;C:\WINDOWS;C:\WINDOWS\System32\Wbem;C:\WINDOWS\System32\WindowsPowerShell\v1.0\;C:\WINDOWS\System32\OpenSSH\;C:\Program Files\PuTTY\;C:\Program Files\Bandizip\;C:\Program Files\Java\jdk-17.0.1\bin;C:\Users\user\AppData\Local\Microsoft\WindowsApps;C:\Users\user\AppData\Local\Programs\Microsoft VS Code\bin;;C:\Program Files\JetBrains\PyCharm 2021.2.1\bin;;C:\Program Files\JetBrains\PyCharm Community Edition 2021.2.1\bin;;C:\Users\user\.dotnet\tools
USERNAME=user
OS=Windows_NT
PROCESSOR_IDENTIFIER=AMD64 Family 25 Model 33 Stepping 2, AuthenticAMD



---------------  S Y S T E M  ---------------

OS:
 Windows 10 , 64 bit Build 19041 (10.0.19041.804)
OS uptime: 0 days 4:23 hours

CPU: total 12 (initial active 12) (12 cores per cpu, 2 threads per core) family 25 model 33 stepping 2 microcode 0x0, cx8, cmov, fxsr, ht, mmx, 3dnowpref, sse, sse2, sse3, ssse3, sse4a, sse4.1, sse4.2, popcnt, lzcnt, tsc, tscinvbit, avx, avx2, aes, erms, clmul, bmi1, bmi2, adx, sha, fma, vzeroupper, clflush, clflushopt

Memory: 4k page, system-wide physical 16289M (7831M free)
TotalPageFile size 29089M (AvailPageFile size 13773M)
current process WorkingSet (physical memory assigned to process): 154M, peak: 154M
current process commit charge ("private bytes"): 443M, peak: 443M

vm_info: Java HotSpot(TM) 64-Bit Server VM (17.0.1+12-LTS-39) for windows-amd64 JRE (17.0.1+12-LTS-39), built on Sep 27 2021 18:41:35 by "mach5one" with MS VC++ 16.8 (VS2019)

END.
