#
# A fatal error has been detected by the Java Runtime Environment:
#
#  EXCEPTION_ACCESS_VIOLATION (0xc0000005) at pc=0x00007ffaa0c404ce, pid=28144, tid=6496
#
# JRE version: Java(TM) SE Runtime Environment (17.0.1+12) (build 17.0.1+12-LTS-39)
# Java VM: Java HotSpot(TM) 64-Bit Server VM (17.0.1+12-LTS-39, mixed mode, sharing, tiered, compressed oops, compressed class ptrs, g1 gc, windows-amd64)
# Problematic frame:
# C  0x00007ffaa0c404ce
#
# No core dump will be written. Minidumps are not enabled by default on client versions of Windows
#
# If you would like to submit a bug report, please visit:
#   https://bugreport.java.com/bugreport/crash.jsp
# The crash happened outside the Java Virtual Machine in native code.
# See problematic frame for where to report the bug.
#

---------------  S U M M A R Y ------------

Command Line: -Dfile.encoding=UTF-8 --module-path=C:\Users\user\Downloads\JavaProject\lib --add-modules=javafx.controls,javafx.fxml --add-opens=javafx.base/com.sun.javafx.logging=ALL-UNNAMED --add-opens=javafx.base/com.sun.javafx.application=ALL-UNNAMED --add-opens=javafx.graphics/com.sun.javafx=ALL-UNNAMED --add-opens=javafx.graphics/com.sun.javafx.application=ALL-UNNAMED --add-opens=javafx.controls/com.sun.javafx=ALL-UNNAMED --add-opens=javafx.scene/com.sun.javafx=ALL-UNNAMED --add-opens=javafx.embed.swing/com.sun.javafx=ALL-UNNAMED --add-opens=javafx.graphics/com.sun.javafx.embed=ALL-UNNAMED --add-opens=javafx.graphics/com.sun.javafx.sg.prism=ALL-UNNAMED --add-opens=javafx.graphics/com.sun.javafx.scene=ALL-UNNAMED --add-opens=javafx.graphics/com.sun.javafx.util=ALL-UNNAMED --add-opens=javafx.graphics/com.sun.glass.ui=ALL-UNNAMED --add-opens=javafx.graphics/com.sun.prism=ALL-UNNAMED --add-opens=javafx.graphics/com.sun.javafx.webkit.prism=ALL-UNNAMED --add-opens=javafx.graphics/com.sun.javafx.geom.transform=ALL-UNNAMED --add-opens=javafx.graphics/com.sun.javafx.tk=ALL-UNNAMED --add-opens=javafx.graphics/com.sun.glass.utils=ALL-UNNAMED --add-opens=javafx.graphics/com.sun.javafx.font=ALL-UNNAMED
 MainFrame

Host: AMD Ryzen 5 5600 6-Core Processor              , 12 cores, 15G,  Windows 10 , 64 bit Build 19041 (10.0.19041.804)
Time: Fri Nov 22 16:13:55 2024  Windows 10 , 64 bit Build 19041 (10.0.19041.804) elapsed time: 2.993058 seconds (0d 0h 0m 2s)

---------------  T H R E A D  ---------------

Current thread (0x000002cf33d5ce40):  JavaThread "JavaFX Application Thread" [_thread_in_native, id=6496, stack(0x000000f6ba0c0000,0x000000f6ba1c0000)]

Stack: [0x000000f6ba0c0000,0x000000f6ba1c0000],  sp=0x000000f6ba1bcda0,  free space=1011k
Native frames: (J=compiled Java code, j=interpreted, Vv=VM code, C=native code)
C  0x00007ffaa0c404ce

Java frames: (J=compiled Java code, j=interpreted, Vv=VM code)
j  com.sun.webkit.WebPage.twkInit(JZF)V+0
j  com.sun.webkit.WebPage.<init>(Lcom/sun/webkit/WebPageClient;Lcom/sun/webkit/UIClient;Lcom/sun/webkit/PolicyClient;Lcom/sun/webkit/InspectorClient;Lcom/sun/webkit/ThemeClient;Z)V+204
j  javafx.scene.web.WebEngine.<init>(Ljava/lang/String;Z)V+270
j  javafx.scene.web.WebEngine.<init>()V+3
j  javafx.scene.web.WebView.<init>()V+60
j  reCAPTCHA.lambda$createCaptchaWindow$0(Ljavafx/embed/swing/JFXPanel;)V+4
j  reCAPTCHA$$Lambda$237+0x0000000800d382b8.run()V+4
j  com.sun.javafx.application.PlatformImpl.lambda$runLater$10(Ljava/lang/Runnable;)Ljava/lang/Void;+1 javafx.graphics@21.0.5
j  com.sun.javafx.application.PlatformImpl$$Lambda$240+0x0000000800d39d80.run()Ljava/lang/Object;+4 javafx.graphics@21.0.5
J 1517 c1 java.security.AccessController.doPrivileged(Ljava/security/PrivilegedAction;Ljava/security/AccessControlContext;)Ljava/lang/Object; java.base@17.0.1 (17 bytes) @ 0x000002cf16d9be5c [0x000002cf16d9bc80+0x00000000000001dc]
j  com.sun.javafx.application.PlatformImpl.lambda$runLater$11(Ljava/lang/Runnable;Ljava/security/AccessControlContext;)V+7 javafx.graphics@21.0.5
j  com.sun.javafx.application.PlatformImpl$$Lambda$238+0x0000000800d38cc0.run()V+8 javafx.graphics@21.0.5
j  com.sun.glass.ui.InvokeLaterDispatcher$Future.run()V+4 javafx.graphics@21.0.5
v  ~StubRoutines::call_stub
j  com.sun.glass.ui.win.WinApplication._runLoop(Ljava/lang/Runnable;)V+0 javafx.graphics@21.0.5
j  com.sun.glass.ui.win.WinApplication.lambda$runLoop$3(ILjava/lang/Runnable;)V+8 javafx.graphics@21.0.5
j  com.sun.glass.ui.win.WinApplication$$Lambda$228+0x0000000800d23b08.run()V+12 javafx.graphics@21.0.5
j  java.lang.Thread.run()V+11 java.base@17.0.1
v  ~StubRoutines::call_stub

siginfo: EXCEPTION_ACCESS_VIOLATION (0xc0000005), writing address 0x0000000000000000


Register to memory mapping:

RIP=0x00007ffaa0c404ce points into unknown readable memory: ff 01
RAX=0x000000f6ba1bcdd0 is pointing into the stack for thread: 0x000002cf33d5ce40
RBX=0x000002cf3c477ee0 points into unknown readable memory: 0x00007ffaa2584650 | 50 46 58 a2 fa 7f 00 00
RCX=0x0 is NULL
RDX=0x00007ffaa0130000 points into unknown readable memory: 0x0000000300905a4d | 4d 5a 90 00 03 00 00 00
RSP=0x000000f6ba1bcda0 is pointing into the stack for thread: 0x000002cf33d5ce40
RBP=0x000000f6ba1bcf20 is pointing into the stack for thread: 0x000002cf33d5ce40
RSI=0x000002cf340d7258 points into unknown readable memory: 0x0000000000000000 | 00 00 00 00 00 00 00 00
RDI=0x000000f6ba1bcf80 is pointing into the stack for thread: 0x000002cf33d5ce40
R8 =0x000002cf3c562190 points into unknown readable memory: 0x0000000500000004 | 04 00 00 00 05 00 00 00
R9 =0x0 is NULL
R10=0x000002cf3c5621a4 points into unknown readable memory: 73 65 72 69
R11=0x000000f6ba1bca88 is pointing into the stack for thread: 0x000002cf33d5ce40
R12=0x0 is NULL
R13=0x0 is NULL
R14=0x000002cf340d7258 points into unknown readable memory: 0x0000000000000000 | 00 00 00 00 00 00 00 00
R15=0x000002cf3c4af9d8 points into unknown readable memory: 0x000002cf3c4af9e8 | e8 f9 4a 3c cf 02 00 00


Registers:
RAX=0x000000f6ba1bcdd0, RBX=0x000002cf3c477ee0, RCX=0x0000000000000000, RDX=0x00007ffaa0130000
RSP=0x000000f6ba1bcda0, RBP=0x000000f6ba1bcf20, RSI=0x000002cf340d7258, RDI=0x000000f6ba1bcf80
R8 =0x000002cf3c562190, R9 =0x0000000000000000, R10=0x000002cf3c5621a4, R11=0x000000f6ba1bca88
R12=0x0000000000000000, R13=0x0000000000000000, R14=0x000002cf340d7258, R15=0x000002cf3c4af9d8
RIP=0x00007ffaa0c404ce, EFLAGS=0x0000000000010206

Top of Stack: (sp=0x000000f6ba1bcda0)
0x000000f6ba1bcda0:   000002cf3c477ee0 000002cf3c477ee0
0x000000f6ba1bcdb0:   000000f6ba1bcf20 000002cf340d7258
0x000000f6ba1bcdc0:   000000f6ba1bcdd8 000000f6ba1bcf00
0x000000f6ba1bcdd0:   0000000000000000 0000000000000000
0x000000f6ba1bcde0:   0000000000000000 0000000000000000
0x000000f6ba1bcdf0:   0000000000000000 000002cf340d7258
0x000000f6ba1bce00:   00007ffaa06bc910 0000000000000000
0x000000f6ba1bce10:   000002cf3c4e3e90 00007ffaa089f32b
0x000000f6ba1bce20:   000002cf3c4e3e90 0000000000000000
0x000000f6ba1bce30:   0000000000000000 00007ffaa06bc910
0x000000f6ba1bce40:   0000000000000001 000002cf3c4e3e90
0x000000f6ba1bce50:   000000f6ba1bcf40 0000000000000001
0x000000f6ba1bce60:   000002cf3bd1cc10 00007ffaa08a265a
0x000000f6ba1bce70:   0000000000000000 000000f6ba1bce88
0x000000f6ba1bce80:   0000000000000001 0000000000000000
0x000000f6ba1bce90:   0000000000000000 0000000000000000 

Instructions: (pc=0x00007ffaa0c404ce)
0x00007ffaa0c403ce:   48 8b 4c 24 20 48 85 c9 74 11 48 85 f6 74 0c 48
0x00007ffaa0c403de:   8b 01 48 8b d6 ff 90 b8 00 00 00 48 8b c3 48 8b
0x00007ffaa0c403ee:   4c 24 28 48 33 cc e8 d7 1e 7a 01 48 83 c4 70 5e
0x00007ffaa0c403fe:   5d 5b c3 48 8d 0d 40 01 33 04 e8 67 20 7a 01 83
0x00007ffaa0c4040e:   3d 34 01 33 04 ff 0f 85 27 ff ff ff 48 8b cf e8
0x00007ffaa0c4041e:   ce 8a ff ff 4c 8b 07 4c 8d 0d 70 0e a0 01 48 8b
0x00007ffaa0c4042e:   d0 48 8b cf 4d 8b 90 08 01 00 00 4c 8d 05 68 0e
0x00007ffaa0c4043e:   a0 01 41 ff d2 48 8d 0d fe 00 33 04 48 89 05 ef
0x00007ffaa0c4044e:   00 33 04 e8 be 1f 7a 01 e9 e6 fe ff ff cc cc cc
0x00007ffaa0c4045e:   cc cc 40 53 56 57 48 83 ec 60 65 48 8b 04 25 58
0x00007ffaa0c4046e:   00 00 00 48 8b d9 8b 0d c6 52 34 04 48 8b fa ba
0x00007ffaa0c4047e:   18 00 00 00 49 8b f0 48 8b 04 c8 8b 0c 02 39 0d
0x00007ffaa0c4048e:   d6 00 33 04 0f 8f 8c 00 00 00 0f 57 c0 c6 44 24
0x00007ffaa0c4049e:   28 00 48 8d 44 24 38 4c 8b c6 4c 8d 0d b1 00 33
0x00007ffaa0c404ae:   04 48 89 44 24 20 48 8d 54 24 30 48 8b cb 0f 11
0x00007ffaa0c404be:   44 24 38 0f 11 44 24 48 e8 45 93 c5 ff 48 8b 08
0x00007ffaa0c404ce:   ff 01 48 8b 5c 24 30 48 89 0f 48 c7 44 24 30 00
0x00007ffaa0c404de:   00 00 00 48 85 db 74 1b 8b 03 83 e8 01 74 04 89
0x00007ffaa0c404ee:   03 eb 10 48 8b cb e8 f7 f4 c4 ff 48 8b cb e8 df
0x00007ffaa0c404fe:   66 5e 01 48 8b 4c 24 50 48 c7 44 24 50 00 00 00
0x00007ffaa0c4050e:   00 48 85 c9 74 05 e8 07 9c a7 ff 48 8b c7 48 83
0x00007ffaa0c4051e:   c4 60 5f 5e 5b c3 48 8d 0d 3d 00 33 04 e8 44 1f
0x00007ffaa0c4052e:   7a 01 83 3d 31 00 33 04 ff 0f 85 5b ff ff ff 41
0x00007ffaa0c4053e:   b8 05 00 00 00 48 8d 15 c2 0d a0 01 48 8d 4c 24
0x00007ffaa0c4054e:   30 e8 3c 48 61 01 48 8b 44 24 30 48 8d 0d 00 9b
0x00007ffaa0c4055e:   93 01 48 89 05 f9 ff 32 04 e8 b4 1c 7a 01 48 8d
0x00007ffaa0c4056e:   0d f5 ff 32 04 e8 9c 1e 7a 01 e9 1b ff ff ff cc
0x00007ffaa0c4057e:   cc cc 48 89 5c 24 18 48 89 6c 24 20 56 57 41 56
0x00007ffaa0c4058e:   48 83 ec 70 48 8b 05 ff 32 23 04 48 33 c4 48 89
0x00007ffaa0c4059e:   44 24 68 0f b6 41 30 33 f6 89 74 24 38 4c 8b f2
0x00007ffaa0c405ae:   48 8b d9 3c 02 75 06 48 8b 01 ff 50 28 48 8b 0d
0x00007ffaa0c405be:   8e 40 34 04 48 8d 54 24 48 48 89 74 24 60 41 b8 


Stack slot to memory mapping:
stack at sp + 0 slots: 0x000002cf3c477ee0 points into unknown readable memory: 0x00007ffaa2584650 | 50 46 58 a2 fa 7f 00 00
stack at sp + 1 slots: 0x000002cf3c477ee0 points into unknown readable memory: 0x00007ffaa2584650 | 50 46 58 a2 fa 7f 00 00
stack at sp + 2 slots: 0x000000f6ba1bcf20 is pointing into the stack for thread: 0x000002cf33d5ce40
stack at sp + 3 slots: 0x000002cf340d7258 points into unknown readable memory: 0x0000000000000000 | 00 00 00 00 00 00 00 00
stack at sp + 4 slots: 0x000000f6ba1bcdd8 is pointing into the stack for thread: 0x000002cf33d5ce40
stack at sp + 5 slots: 0x000000f6ba1bcf00 is pointing into the stack for thread: 0x000002cf33d5ce40
stack at sp + 6 slots: 0x0 is NULL
stack at sp + 7 slots: 0x0 is NULL


---------------  P R O C E S S  ---------------

Threads class SMR info:
_java_thread_list=0x000002cf34144de0, length=22, elements={
0x000002cf31ec27e0, 0x000002cf31ec3d00, 0x000002cf31ed89b0, 0x000002cf31edf290,
0x000002cf31ee2300, 0x000002cf31ee7870, 0x000002cf31eeacc0, 0x000002cf31eebe10,
0x000002cf31f01690, 0x000002cf31f0e750, 0x000002cf32f191b0, 0x000002cf33867020,
0x000002cf3361c630, 0x000002cf337f9090, 0x000002cf33cf7690, 0x000002cf0eda3970,
0x000002cf33d5eb20, 0x000002cf33d60800, 0x000002cf33d60330, 0x000002cf33d5e650,
0x000002cf33d5ce40, 0x000002cf33d5eff0
}

Java Threads: ( => current thread )
  0x000002cf31ec27e0 JavaThread "Reference Handler" daemon [_thread_blocked, id=28632, stack(0x000000f6b7f00000,0x000000f6b8000000)]
  0x000002cf31ec3d00 JavaThread "Finalizer" daemon [_thread_blocked, id=13436, stack(0x000000f6b8000000,0x000000f6b8100000)]
  0x000002cf31ed89b0 JavaThread "Signal Dispatcher" daemon [_thread_blocked, id=26420, stack(0x000000f6b8100000,0x000000f6b8200000)]
  0x000002cf31edf290 JavaThread "Attach Listener" daemon [_thread_blocked, id=27580, stack(0x000000f6b8200000,0x000000f6b8300000)]
  0x000002cf31ee2300 JavaThread "Service Thread" daemon [_thread_blocked, id=24732, stack(0x000000f6b8300000,0x000000f6b8400000)]
  0x000002cf31ee7870 JavaThread "Monitor Deflation Thread" daemon [_thread_blocked, id=29264, stack(0x000000f6b8400000,0x000000f6b8500000)]
  0x000002cf31eeacc0 JavaThread "C2 CompilerThread0" daemon [_thread_blocked, id=5592, stack(0x000000f6b8500000,0x000000f6b8600000)]
  0x000002cf31eebe10 JavaThread "C1 CompilerThread0" daemon [_thread_blocked, id=11064, stack(0x000000f6b8600000,0x000000f6b8700000)]
  0x000002cf31f01690 JavaThread "Sweeper thread" daemon [_thread_blocked, id=9508, stack(0x000000f6b8700000,0x000000f6b8800000)]
  0x000002cf31f0e750 JavaThread "Common-Cleaner" daemon [_thread_blocked, id=24380, stack(0x000000f6b8800000,0x000000f6b8900000)]
  0x000002cf32f191b0 JavaThread "Notification Thread" daemon [_thread_blocked, id=18196, stack(0x000000f6b8b00000,0x000000f6b8c00000)]
  0x000002cf33867020 JavaThread "Java2D Disposer" daemon [_thread_blocked, id=28808, stack(0x000000f6b8d00000,0x000000f6b8e00000)]
  0x000002cf3361c630 JavaThread "AWT-Shutdown" [_thread_blocked, id=28884, stack(0x000000f6b8e00000,0x000000f6b8f00000)]
  0x000002cf337f9090 JavaThread "AWT-Windows" daemon [_thread_in_native, id=17664, stack(0x000000f6b8f00000,0x000000f6b9000000)]
  0x000002cf33cf7690 JavaThread "AWT-EventQueue-0" [_thread_blocked, id=2768, stack(0x000000f6b9000000,0x000000f6b9100000)]
  0x000002cf0eda3970 JavaThread "DestroyJavaVM" [_thread_blocked, id=18956, stack(0x000000f6b7800000,0x000000f6b7900000)]
  0x000002cf33d5eb20 JavaThread "D3D Screen Updater" daemon [_thread_blocked, id=4808, stack(0x000000f6b9c00000,0x000000f6b9d00000)]
  0x000002cf33d60800 JavaThread "TimerQueue" daemon [_thread_blocked, id=4796, stack(0x000000f6b9d00000,0x000000f6b9e00000)]
  0x000002cf33d60330 JavaThread "QuantumRenderer-0" daemon [_thread_blocked, id=23444, stack(0x000000f6b9ec0000,0x000000f6b9fc0000)]
  0x000002cf33d5e650 JavaThread "InvokeLaterDispatcher" daemon [_thread_blocked, id=16460, stack(0x000000f6b9fc0000,0x000000f6ba0c0000)]
=>0x000002cf33d5ce40 JavaThread "JavaFX Application Thread" [_thread_in_native, id=6496, stack(0x000000f6ba0c0000,0x000000f6ba1c0000)]
  0x000002cf33d5eff0 JavaThread "Thread-2" daemon [_thread_in_native, id=1048, stack(0x000000f6b8900000,0x000000f6b8a00000)]

Other Threads:
  0x000002cf31ebc520 VMThread "VM Thread" [stack: 0x000000f6b7e00000,0x000000f6b7f00000] [id=20392]
  0x000002cf3338ee50 WatcherThread [stack: 0x000000f6b8c00000,0x000000f6b8d00000] [id=26552]
  0x000002cf0edf46b0 GCTaskThread "GC Thread#0" [stack: 0x000000f6b7900000,0x000000f6b7a00000] [id=25680]
  0x000002cf340284f0 GCTaskThread "GC Thread#1" [stack: 0x000000f6b9500000,0x000000f6b9600000] [id=12472]
  0x000002cf340287a0 GCTaskThread "GC Thread#2" [stack: 0x000000f6b9600000,0x000000f6b9700000] [id=25920]
  0x000002cf34028a50 GCTaskThread "GC Thread#3" [stack: 0x000000f6b9700000,0x000000f6b9800000] [id=26972]
  0x000002cf34028d00 GCTaskThread "GC Thread#4" [stack: 0x000000f6b9800000,0x000000f6b9900000] [id=18248]
  0x000002cf34028fb0 GCTaskThread "GC Thread#5" [stack: 0x000000f6b9900000,0x000000f6b9a00000] [id=27888]
  0x000002cf3425f480 GCTaskThread "GC Thread#6" [stack: 0x000000f6b9a00000,0x000000f6b9b00000] [id=24636]
  0x000002cf3425f730 GCTaskThread "GC Thread#7" [stack: 0x000000f6b9b00000,0x000000f6b9c00000] [id=172]
  0x000002cf0ee05390 ConcurrentGCThread "G1 Main Marker" [stack: 0x000000f6b7a00000,0x000000f6b7b00000] [id=25412]
  0x000002cf0ee06450 ConcurrentGCThread "G1 Conc#0" [stack: 0x000000f6b7b00000,0x000000f6b7c00000] [id=17580]
  0x000002cf0ee7e2d0 ConcurrentGCThread "G1 Refine#0" [stack: 0x000000f6b7c00000,0x000000f6b7d00000] [id=27644]
  0x000002cf0ee7ec00 ConcurrentGCThread "G1 Service" [stack: 0x000000f6b7d00000,0x000000f6b7e00000] [id=27120]

Threads with active compile tasks:

VM state: not at safepoint (normal execution)

VM Mutex/Monitor currently owned by a thread: None

Heap address: 0x0000000701600000, size: 4074 MB, Compressed Oops mode: Zero based, Oop shift amount: 3

CDS archive(s) mapped at: [0x0000000800000000-0x0000000800bc0000-0x0000000800bc0000), size 12320768, SharedBaseAddress: 0x0000000800000000, ArchiveRelocationMode: 0.
Compressed class space mapped at: 0x0000000800c00000-0x0000000840c00000, reserved size: 1073741824
Narrow klass base: 0x0000000800000000, Narrow klass shift: 0, Narrow klass range: 0x100000000

GC Precious Log:
 CPUs: 12 total, 12 available
 Memory: 16289M
 Large Page Support: Disabled
 NUMA Support: Disabled
 Compressed Oops: Enabled (Zero based)
 Heap Region Size: 2M
 Heap Min Capacity: 8M
 Heap Initial Capacity: 256M
 Heap Max Capacity: 4074M
 Pre-touch: Disabled
 Parallel Workers: 10
 Concurrent Workers: 3
 Concurrent Refinement Workers: 10
 Periodic GC: Disabled

Heap:
 garbage-first heap   total 262144K, used 22975K [0x0000000701600000, 0x0000000800000000)
  region size 2048K, 13 young (26624K), 2 survivors (4096K)
 Metaspace       used 13262K, committed 13440K, reserved 1064960K
  class space    used 1566K, committed 1664K, reserved 1048576K

Heap Regions: E=young(eden), S=young(survivor), O=old, HS=humongous(starts), HC=humongous(continues), CS=collection set, F=free, OA=open archive, CA=closed archive, TAMS=top-at-mark-start (previous, next)
|   0|0x0000000701600000, 0x000000070166fc00, 0x0000000701800000| 21%| O|  |TAMS 0x0000000701600000, 0x0000000701600000| Untracked 
|   1|0x0000000701800000, 0x0000000701800000, 0x0000000701a00000|  0%| F|  |TAMS 0x0000000701800000, 0x0000000701800000| Untracked 
|   2|0x0000000701a00000, 0x0000000701a00000, 0x0000000701c00000|  0%| F|  |TAMS 0x0000000701a00000, 0x0000000701a00000| Untracked 
|   3|0x0000000701c00000, 0x0000000701c00000, 0x0000000701e00000|  0%| F|  |TAMS 0x0000000701c00000, 0x0000000701c00000| Untracked 
|   4|0x0000000701e00000, 0x0000000701e00000, 0x0000000702000000|  0%| F|  |TAMS 0x0000000701e00000, 0x0000000701e00000| Untracked 
|   5|0x0000000702000000, 0x0000000702000000, 0x0000000702200000|  0%| F|  |TAMS 0x0000000702000000, 0x0000000702000000| Untracked 
|   6|0x0000000702200000, 0x0000000702200000, 0x0000000702400000|  0%| F|  |TAMS 0x0000000702200000, 0x0000000702200000| Untracked 
|   7|0x0000000702400000, 0x0000000702400000, 0x0000000702600000|  0%| F|  |TAMS 0x0000000702400000, 0x0000000702400000| Untracked 
|   8|0x0000000702600000, 0x0000000702600000, 0x0000000702800000|  0%| F|  |TAMS 0x0000000702600000, 0x0000000702600000| Untracked 
|   9|0x0000000702800000, 0x0000000702800000, 0x0000000702a00000|  0%| F|  |TAMS 0x0000000702800000, 0x0000000702800000| Untracked 
|  10|0x0000000702a00000, 0x0000000702a00000, 0x0000000702c00000|  0%| F|  |TAMS 0x0000000702a00000, 0x0000000702a00000| Untracked 
|  11|0x0000000702c00000, 0x0000000702c00000, 0x0000000702e00000|  0%| F|  |TAMS 0x0000000702c00000, 0x0000000702c00000| Untracked 
|  12|0x0000000702e00000, 0x0000000702e00000, 0x0000000703000000|  0%| F|  |TAMS 0x0000000702e00000, 0x0000000702e00000| Untracked 
|  13|0x0000000703000000, 0x0000000703000000, 0x0000000703200000|  0%| F|  |TAMS 0x0000000703000000, 0x0000000703000000| Untracked 
|  14|0x0000000703200000, 0x0000000703200000, 0x0000000703400000|  0%| F|  |TAMS 0x0000000703200000, 0x0000000703200000| Untracked 
|  15|0x0000000703400000, 0x0000000703400000, 0x0000000703600000|  0%| F|  |TAMS 0x0000000703400000, 0x0000000703400000| Untracked 
|  16|0x0000000703600000, 0x0000000703600000, 0x0000000703800000|  0%| F|  |TAMS 0x0000000703600000, 0x0000000703600000| Untracked 
|  17|0x0000000703800000, 0x0000000703800000, 0x0000000703a00000|  0%| F|  |TAMS 0x0000000703800000, 0x0000000703800000| Untracked 
|  18|0x0000000703a00000, 0x0000000703a00000, 0x0000000703c00000|  0%| F|  |TAMS 0x0000000703a00000, 0x0000000703a00000| Untracked 
|  19|0x0000000703c00000, 0x0000000703c00000, 0x0000000703e00000|  0%| F|  |TAMS 0x0000000703c00000, 0x0000000703c00000| Untracked 
|  20|0x0000000703e00000, 0x0000000703e00000, 0x0000000704000000|  0%| F|  |TAMS 0x0000000703e00000, 0x0000000703e00000| Untracked 
|  21|0x0000000704000000, 0x0000000704000000, 0x0000000704200000|  0%| F|  |TAMS 0x0000000704000000, 0x0000000704000000| Untracked 
|  22|0x0000000704200000, 0x0000000704200000, 0x0000000704400000|  0%| F|  |TAMS 0x0000000704200000, 0x0000000704200000| Untracked 
|  23|0x0000000704400000, 0x0000000704400000, 0x0000000704600000|  0%| F|  |TAMS 0x0000000704400000, 0x0000000704400000| Untracked 
|  24|0x0000000704600000, 0x0000000704600000, 0x0000000704800000|  0%| F|  |TAMS 0x0000000704600000, 0x0000000704600000| Untracked 
|  25|0x0000000704800000, 0x0000000704800000, 0x0000000704a00000|  0%| F|  |TAMS 0x0000000704800000, 0x0000000704800000| Untracked 
|  26|0x0000000704a00000, 0x0000000704a00000, 0x0000000704c00000|  0%| F|  |TAMS 0x0000000704a00000, 0x0000000704a00000| Untracked 
|  27|0x0000000704c00000, 0x0000000704c00000, 0x0000000704e00000|  0%| F|  |TAMS 0x0000000704c00000, 0x0000000704c00000| Untracked 
|  28|0x0000000704e00000, 0x0000000704e00000, 0x0000000705000000|  0%| F|  |TAMS 0x0000000704e00000, 0x0000000704e00000| Untracked 
|  29|0x0000000705000000, 0x0000000705000000, 0x0000000705200000|  0%| F|  |TAMS 0x0000000705000000, 0x0000000705000000| Untracked 
|  30|0x0000000705200000, 0x0000000705200000, 0x0000000705400000|  0%| F|  |TAMS 0x0000000705200000, 0x0000000705200000| Untracked 
|  31|0x0000000705400000, 0x0000000705400000, 0x0000000705600000|  0%| F|  |TAMS 0x0000000705400000, 0x0000000705400000| Untracked 
|  32|0x0000000705600000, 0x0000000705600000, 0x0000000705800000|  0%| F|  |TAMS 0x0000000705600000, 0x0000000705600000| Untracked 
|  33|0x0000000705800000, 0x0000000705800000, 0x0000000705a00000|  0%| F|  |TAMS 0x0000000705800000, 0x0000000705800000| Untracked 
|  34|0x0000000705a00000, 0x0000000705a00000, 0x0000000705c00000|  0%| F|  |TAMS 0x0000000705a00000, 0x0000000705a00000| Untracked 
|  35|0x0000000705c00000, 0x0000000705c00000, 0x0000000705e00000|  0%| F|  |TAMS 0x0000000705c00000, 0x0000000705c00000| Untracked 
|  36|0x0000000705e00000, 0x0000000705e00000, 0x0000000706000000|  0%| F|  |TAMS 0x0000000705e00000, 0x0000000705e00000| Untracked 
|  37|0x0000000706000000, 0x0000000706000000, 0x0000000706200000|  0%| F|  |TAMS 0x0000000706000000, 0x0000000706000000| Untracked 
|  38|0x0000000706200000, 0x0000000706200000, 0x0000000706400000|  0%| F|  |TAMS 0x0000000706200000, 0x0000000706200000| Untracked 
|  39|0x0000000706400000, 0x0000000706400000, 0x0000000706600000|  0%| F|  |TAMS 0x0000000706400000, 0x0000000706400000| Untracked 
|  40|0x0000000706600000, 0x0000000706600000, 0x0000000706800000|  0%| F|  |TAMS 0x0000000706600000, 0x0000000706600000| Untracked 
|  41|0x0000000706800000, 0x0000000706800000, 0x0000000706a00000|  0%| F|  |TAMS 0x0000000706800000, 0x0000000706800000| Untracked 
|  42|0x0000000706a00000, 0x0000000706a00000, 0x0000000706c00000|  0%| F|  |TAMS 0x0000000706a00000, 0x0000000706a00000| Untracked 
|  43|0x0000000706c00000, 0x0000000706c00000, 0x0000000706e00000|  0%| F|  |TAMS 0x0000000706c00000, 0x0000000706c00000| Untracked 
|  44|0x0000000706e00000, 0x0000000706e00000, 0x0000000707000000|  0%| F|  |TAMS 0x0000000706e00000, 0x0000000706e00000| Untracked 
|  45|0x0000000707000000, 0x0000000707000000, 0x0000000707200000|  0%| F|  |TAMS 0x0000000707000000, 0x0000000707000000| Untracked 
|  46|0x0000000707200000, 0x0000000707200000, 0x0000000707400000|  0%| F|  |TAMS 0x0000000707200000, 0x0000000707200000| Untracked 
|  47|0x0000000707400000, 0x0000000707400000, 0x0000000707600000|  0%| F|  |TAMS 0x0000000707400000, 0x0000000707400000| Untracked 
|  48|0x0000000707600000, 0x0000000707600000, 0x0000000707800000|  0%| F|  |TAMS 0x0000000707600000, 0x0000000707600000| Untracked 
|  49|0x0000000707800000, 0x0000000707800000, 0x0000000707a00000|  0%| F|  |TAMS 0x0000000707800000, 0x0000000707800000| Untracked 
|  50|0x0000000707a00000, 0x0000000707a00000, 0x0000000707c00000|  0%| F|  |TAMS 0x0000000707a00000, 0x0000000707a00000| Untracked 
|  51|0x0000000707c00000, 0x0000000707c00000, 0x0000000707e00000|  0%| F|  |TAMS 0x0000000707c00000, 0x0000000707c00000| Untracked 
|  52|0x0000000707e00000, 0x0000000707e00000, 0x0000000708000000|  0%| F|  |TAMS 0x0000000707e00000, 0x0000000707e00000| Untracked 
|  53|0x0000000708000000, 0x0000000708000000, 0x0000000708200000|  0%| F|  |TAMS 0x0000000708000000, 0x0000000708000000| Untracked 
|  54|0x0000000708200000, 0x0000000708200000, 0x0000000708400000|  0%| F|  |TAMS 0x0000000708200000, 0x0000000708200000| Untracked 
|  55|0x0000000708400000, 0x0000000708400000, 0x0000000708600000|  0%| F|  |TAMS 0x0000000708400000, 0x0000000708400000| Untracked 
|  56|0x0000000708600000, 0x0000000708600000, 0x0000000708800000|  0%| F|  |TAMS 0x0000000708600000, 0x0000000708600000| Untracked 
|  57|0x0000000708800000, 0x0000000708800000, 0x0000000708a00000|  0%| F|  |TAMS 0x0000000708800000, 0x0000000708800000| Untracked 
|  58|0x0000000708a00000, 0x0000000708a00000, 0x0000000708c00000|  0%| F|  |TAMS 0x0000000708a00000, 0x0000000708a00000| Untracked 
|  59|0x0000000708c00000, 0x0000000708c00000, 0x0000000708e00000|  0%| F|  |TAMS 0x0000000708c00000, 0x0000000708c00000| Untracked 
|  60|0x0000000708e00000, 0x0000000708e00000, 0x0000000709000000|  0%| F|  |TAMS 0x0000000708e00000, 0x0000000708e00000| Untracked 
|  61|0x0000000709000000, 0x0000000709000000, 0x0000000709200000|  0%| F|  |TAMS 0x0000000709000000, 0x0000000709000000| Untracked 
|  62|0x0000000709200000, 0x0000000709200000, 0x0000000709400000|  0%| F|  |TAMS 0x0000000709200000, 0x0000000709200000| Untracked 
|  63|0x0000000709400000, 0x0000000709400000, 0x0000000709600000|  0%| F|  |TAMS 0x0000000709400000, 0x0000000709400000| Untracked 
|  64|0x0000000709600000, 0x0000000709600000, 0x0000000709800000|  0%| F|  |TAMS 0x0000000709600000, 0x0000000709600000| Untracked 
|  65|0x0000000709800000, 0x0000000709800000, 0x0000000709a00000|  0%| F|  |TAMS 0x0000000709800000, 0x0000000709800000| Untracked 
|  66|0x0000000709a00000, 0x0000000709a00000, 0x0000000709c00000|  0%| F|  |TAMS 0x0000000709a00000, 0x0000000709a00000| Untracked 
|  67|0x0000000709c00000, 0x0000000709c00000, 0x0000000709e00000|  0%| F|  |TAMS 0x0000000709c00000, 0x0000000709c00000| Untracked 
|  68|0x0000000709e00000, 0x0000000709e00000, 0x000000070a000000|  0%| F|  |TAMS 0x0000000709e00000, 0x0000000709e00000| Untracked 
|  69|0x000000070a000000, 0x000000070a000000, 0x000000070a200000|  0%| F|  |TAMS 0x000000070a000000, 0x000000070a000000| Untracked 
|  70|0x000000070a200000, 0x000000070a200000, 0x000000070a400000|  0%| F|  |TAMS 0x000000070a200000, 0x000000070a200000| Untracked 
|  71|0x000000070a400000, 0x000000070a400000, 0x000000070a600000|  0%| F|  |TAMS 0x000000070a400000, 0x000000070a400000| Untracked 
|  72|0x000000070a600000, 0x000000070a600000, 0x000000070a800000|  0%| F|  |TAMS 0x000000070a600000, 0x000000070a600000| Untracked 
|  73|0x000000070a800000, 0x000000070a800000, 0x000000070aa00000|  0%| F|  |TAMS 0x000000070a800000, 0x000000070a800000| Untracked 
|  74|0x000000070aa00000, 0x000000070aa00000, 0x000000070ac00000|  0%| F|  |TAMS 0x000000070aa00000, 0x000000070aa00000| Untracked 
|  75|0x000000070ac00000, 0x000000070ac00000, 0x000000070ae00000|  0%| F|  |TAMS 0x000000070ac00000, 0x000000070ac00000| Untracked 
|  76|0x000000070ae00000, 0x000000070ae00000, 0x000000070b000000|  0%| F|  |TAMS 0x000000070ae00000, 0x000000070ae00000| Untracked 
|  77|0x000000070b000000, 0x000000070b000000, 0x000000070b200000|  0%| F|  |TAMS 0x000000070b000000, 0x000000070b000000| Untracked 
|  78|0x000000070b200000, 0x000000070b200000, 0x000000070b400000|  0%| F|  |TAMS 0x000000070b200000, 0x000000070b200000| Untracked 
|  79|0x000000070b400000, 0x000000070b400000, 0x000000070b600000|  0%| F|  |TAMS 0x000000070b400000, 0x000000070b400000| Untracked 
|  80|0x000000070b600000, 0x000000070b600000, 0x000000070b800000|  0%| F|  |TAMS 0x000000070b600000, 0x000000070b600000| Untracked 
|  81|0x000000070b800000, 0x000000070b800000, 0x000000070ba00000|  0%| F|  |TAMS 0x000000070b800000, 0x000000070b800000| Untracked 
|  82|0x000000070ba00000, 0x000000070ba00000, 0x000000070bc00000|  0%| F|  |TAMS 0x000000070ba00000, 0x000000070ba00000| Untracked 
|  83|0x000000070bc00000, 0x000000070bc00000, 0x000000070be00000|  0%| F|  |TAMS 0x000000070bc00000, 0x000000070bc00000| Untracked 
|  84|0x000000070be00000, 0x000000070be00000, 0x000000070c000000|  0%| F|  |TAMS 0x000000070be00000, 0x000000070be00000| Untracked 
|  85|0x000000070c000000, 0x000000070c000000, 0x000000070c200000|  0%| F|  |TAMS 0x000000070c000000, 0x000000070c000000| Untracked 
|  86|0x000000070c200000, 0x000000070c200000, 0x000000070c400000|  0%| F|  |TAMS 0x000000070c200000, 0x000000070c200000| Untracked 
|  87|0x000000070c400000, 0x000000070c400000, 0x000000070c600000|  0%| F|  |TAMS 0x000000070c400000, 0x000000070c400000| Untracked 
|  88|0x000000070c600000, 0x000000070c600000, 0x000000070c800000|  0%| F|  |TAMS 0x000000070c600000, 0x000000070c600000| Untracked 
|  89|0x000000070c800000, 0x000000070c800000, 0x000000070ca00000|  0%| F|  |TAMS 0x000000070c800000, 0x000000070c800000| Untracked 
|  90|0x000000070ca00000, 0x000000070ca00000, 0x000000070cc00000|  0%| F|  |TAMS 0x000000070ca00000, 0x000000070ca00000| Untracked 
|  91|0x000000070cc00000, 0x000000070cc00000, 0x000000070ce00000|  0%| F|  |TAMS 0x000000070cc00000, 0x000000070cc00000| Untracked 
|  92|0x000000070ce00000, 0x000000070ce00000, 0x000000070d000000|  0%| F|  |TAMS 0x000000070ce00000, 0x000000070ce00000| Untracked 
|  93|0x000000070d000000, 0x000000070d000000, 0x000000070d200000|  0%| F|  |TAMS 0x000000070d000000, 0x000000070d000000| Untracked 
|  94|0x000000070d200000, 0x000000070d200000, 0x000000070d400000|  0%| F|  |TAMS 0x000000070d200000, 0x000000070d200000| Untracked 
|  95|0x000000070d400000, 0x000000070d400000, 0x000000070d600000|  0%| F|  |TAMS 0x000000070d400000, 0x000000070d400000| Untracked 
|  96|0x000000070d600000, 0x000000070d600000, 0x000000070d800000|  0%| F|  |TAMS 0x000000070d600000, 0x000000070d600000| Untracked 
|  97|0x000000070d800000, 0x000000070d800000, 0x000000070da00000|  0%| F|  |TAMS 0x000000070d800000, 0x000000070d800000| Untracked 
|  98|0x000000070da00000, 0x000000070da00000, 0x000000070dc00000|  0%| F|  |TAMS 0x000000070da00000, 0x000000070da00000| Untracked 
|  99|0x000000070dc00000, 0x000000070dc00000, 0x000000070de00000|  0%| F|  |TAMS 0x000000070dc00000, 0x000000070dc00000| Untracked 
| 100|0x000000070de00000, 0x000000070de00000, 0x000000070e000000|  0%| F|  |TAMS 0x000000070de00000, 0x000000070de00000| Untracked 
| 101|0x000000070e000000, 0x000000070e000000, 0x000000070e200000|  0%| F|  |TAMS 0x000000070e000000, 0x000000070e000000| Untracked 
| 102|0x000000070e200000, 0x000000070e200000, 0x000000070e400000|  0%| F|  |TAMS 0x000000070e200000, 0x000000070e200000| Untracked 
| 103|0x000000070e400000, 0x000000070e400000, 0x000000070e600000|  0%| F|  |TAMS 0x000000070e400000, 0x000000070e400000| Untracked 
| 104|0x000000070e600000, 0x000000070e600000, 0x000000070e800000|  0%| F|  |TAMS 0x000000070e600000, 0x000000070e600000| Untracked 
| 105|0x000000070e800000, 0x000000070e800000, 0x000000070ea00000|  0%| F|  |TAMS 0x000000070e800000, 0x000000070e800000| Untracked 
| 106|0x000000070ea00000, 0x000000070ea00000, 0x000000070ec00000|  0%| F|  |TAMS 0x000000070ea00000, 0x000000070ea00000| Untracked 
| 107|0x000000070ec00000, 0x000000070ec00000, 0x000000070ee00000|  0%| F|  |TAMS 0x000000070ec00000, 0x000000070ec00000| Untracked 
| 108|0x000000070ee00000, 0x000000070ee00000, 0x000000070f000000|  0%| F|  |TAMS 0x000000070ee00000, 0x000000070ee00000| Untracked 
| 109|0x000000070f000000, 0x000000070f000000, 0x000000070f200000|  0%| F|  |TAMS 0x000000070f000000, 0x000000070f000000| Untracked 
| 110|0x000000070f200000, 0x000000070f200000, 0x000000070f400000|  0%| F|  |TAMS 0x000000070f200000, 0x000000070f200000| Untracked 
| 111|0x000000070f400000, 0x000000070f400000, 0x000000070f600000|  0%| F|  |TAMS 0x000000070f400000, 0x000000070f400000| Untracked 
| 112|0x000000070f600000, 0x000000070f600000, 0x000000070f800000|  0%| F|  |TAMS 0x000000070f600000, 0x000000070f600000| Untracked 
| 113|0x000000070f800000, 0x000000070f800000, 0x000000070fa00000|  0%| F|  |TAMS 0x000000070f800000, 0x000000070f800000| Untracked 
| 114|0x000000070fa00000, 0x000000070fa00000, 0x000000070fc00000|  0%| F|  |TAMS 0x000000070fa00000, 0x000000070fa00000| Untracked 
| 115|0x000000070fc00000, 0x000000070fe00000, 0x000000070fe00000|100%| S|CS|TAMS 0x000000070fc00000, 0x000000070fc00000| Complete 
| 116|0x000000070fe00000, 0x0000000710000000, 0x0000000710000000|100%| S|CS|TAMS 0x000000070fe00000, 0x000000070fe00000| Complete 
| 117|0x0000000710000000, 0x0000000710200000, 0x0000000710200000|100%| E|  |TAMS 0x0000000710000000, 0x0000000710000000| Complete 
| 118|0x0000000710200000, 0x0000000710400000, 0x0000000710400000|100%| E|CS|TAMS 0x0000000710200000, 0x0000000710200000| Complete 
| 119|0x0000000710400000, 0x0000000710600000, 0x0000000710600000|100%| E|  |TAMS 0x0000000710400000, 0x0000000710400000| Complete 
| 120|0x0000000710600000, 0x0000000710800000, 0x0000000710800000|100%| E|CS|TAMS 0x0000000710600000, 0x0000000710600000| Complete 
| 121|0x0000000710800000, 0x0000000710a00000, 0x0000000710a00000|100%| E|CS|TAMS 0x0000000710800000, 0x0000000710800000| Complete 
| 122|0x0000000710a00000, 0x0000000710c00000, 0x0000000710c00000|100%| E|CS|TAMS 0x0000000710a00000, 0x0000000710a00000| Complete 
| 123|0x0000000710c00000, 0x0000000710e00000, 0x0000000710e00000|100%| E|CS|TAMS 0x0000000710c00000, 0x0000000710c00000| Complete 
| 124|0x0000000710e00000, 0x0000000711000000, 0x0000000711000000|100%| E|CS|TAMS 0x0000000710e00000, 0x0000000710e00000| Complete 
| 125|0x0000000711000000, 0x0000000711200000, 0x0000000711200000|100%| E|CS|TAMS 0x0000000711000000, 0x0000000711000000| Complete 
| 126|0x0000000711200000, 0x0000000711400000, 0x0000000711400000|100%| E|CS|TAMS 0x0000000711200000, 0x0000000711200000| Complete 
| 127|0x0000000711400000, 0x0000000711600000, 0x0000000711600000|100%| E|CS|TAMS 0x0000000711400000, 0x0000000711400000| Complete 

Card table byte_map: [0x000002cf26300000,0x000002cf26b00000] _byte_map_base: 0x000002cf22af5000

Marking Bits (Prev, Next): (CMBitMap*) 0x000002cf0edf4bd0, (CMBitMap*) 0x000002cf0edf4c10
 Prev Bits: [0x000002cf27300000, 0x000002cf2b2a8000)
 Next Bits: [0x000002cf2b2b0000, 0x000002cf2f258000)

Polling page: 0x000002cf0cd90000

Metaspace:

Usage:
  Non-class:     11.42 MB used.
      Class:      1.53 MB used.
       Both:     12.95 MB used.

Virtual space:
  Non-class space:       16.00 MB reserved,      11.50 MB ( 72%) committed,  2 nodes.
      Class space:        1.00 GB reserved,       1.62 MB ( <1%) committed,  1 nodes.
             Both:        1.02 GB reserved,      13.12 MB (  1%) committed. 

Chunk freelists:
   Non-Class:  3.89 MB
       Class:  2.22 MB
        Both:  6.11 MB

MaxMetaspaceSize: unlimited
CompressedClassSpaceSize: 1.00 GB
Initial GC threshold: 21.00 MB
Current GC threshold: 21.00 MB
CDS: on
MetaspaceReclaimPolicy: balanced
 - commit_granule_bytes: 65536.
 - commit_granule_words: 8192.
 - virtual_space_node_default_size: 1048576.
 - enlarge_chunks_in_place: 1.
 - new_chunks_are_fully_committed: 0.
 - uncommit_free_chunks: 1.
 - use_allocation_guard: 0.
 - handle_deallocations: 1.


Internal statistics:

num_allocs_failed_limit: 0.
num_arena_births: 134.
num_arena_deaths: 0.
num_vsnodes_births: 3.
num_vsnodes_deaths: 0.
num_space_committed: 210.
num_space_uncommitted: 0.
num_chunks_returned_to_freelist: 0.
num_chunks_taken_from_freelist: 360.
num_chunk_merges: 0.
num_chunk_splits: 225.
num_chunks_enlarged: 146.
num_purges: 0.
num_inconsistent_stats: 0.

CodeHeap 'non-profiled nmethods': size=120000Kb used=802Kb max_used=802Kb free=119197Kb
 bounds [0x000002cf1e080000, 0x000002cf1e2f0000, 0x000002cf255b0000]
CodeHeap 'profiled nmethods': size=120000Kb used=3046Kb max_used=3046Kb free=116953Kb
 bounds [0x000002cf16b50000, 0x000002cf16e50000, 0x000002cf1e080000]
CodeHeap 'non-nmethods': size=5760Kb used=1381Kb max_used=1395Kb free=4378Kb
 bounds [0x000002cf165b0000, 0x000002cf16820000, 0x000002cf16b50000]
 total_blobs=2587 nmethods=1856 adapters=643
 compilation: enabled
              stopped_count=0, restarted_count=0
 full_count=0

Compilation events (20 events):
Event: 2.973 Thread 0x000002cf31eebe10 nmethod 1840 0x000002cf16e41c10 code [0x000002cf16e41e00, 0x000002cf16e421c8]
Event: 2.975 Thread 0x000002cf31eebe10 1841       1       java.util.jar.Manifest::getMainAttributes (5 bytes)
Event: 2.975 Thread 0x000002cf31eebe10 nmethod 1841 0x000002cf1e147710 code [0x000002cf1e1478a0, 0x000002cf1e147978]
Event: 2.975 Thread 0x000002cf31eebe10 1842       3       java.lang.invoke.MemberName::isField (8 bytes)
Event: 2.975 Thread 0x000002cf31eebe10 nmethod 1842 0x000002cf16e42390 code [0x000002cf16e42540, 0x000002cf16e42778]
Event: 2.975 Thread 0x000002cf31eebe10 1843       3       java.lang.invoke.BootstrapMethodInvoker::isLambdaMetafactoryIndyBSM (13 bytes)
Event: 2.975 Thread 0x000002cf31eebe10 nmethod 1843 0x000002cf16e42890 code [0x000002cf16e42a20, 0x000002cf16e42b78]
Event: 2.975 Thread 0x000002cf31eebe10 1844       3       java.lang.invoke.Invokers$Holder::invokeExact_MT (32 bytes)
Event: 2.975 Thread 0x000002cf31eebe10 nmethod 1844 0x000002cf16e42c10 code [0x000002cf16e42e20, 0x000002cf16e43758]
Event: 2.976 Thread 0x000002cf31eebe10 1845       1       java.util.zip.ZipEntry::getCrc (5 bytes)
Event: 2.976 Thread 0x000002cf31eebe10 nmethod 1845 0x000002cf1e147a10 code [0x000002cf1e147ba0, 0x000002cf1e147c78]
Event: 2.985 Thread 0x000002cf31eeacc0 1846       4       java.util.ArrayList::get (15 bytes)
Event: 2.986 Thread 0x000002cf31eebe10 1847       3       java.util.Collections$UnmodifiableCollection$1::hasNext (10 bytes)
Event: 2.986 Thread 0x000002cf31eebe10 nmethod 1847 0x000002cf16e43990 code [0x000002cf16e43b40, 0x000002cf16e43d28]
Event: 2.986 Thread 0x000002cf31eebe10 1848       3       java.util.Collections$UnmodifiableCollection$1::next (10 bytes)
Event: 2.986 Thread 0x000002cf31eebe10 nmethod 1848 0x000002cf16e43e10 code [0x000002cf16e43fc0, 0x000002cf16e441a8]
Event: 2.986 Thread 0x000002cf31eeacc0 nmethod 1846 0x000002cf1e147d10 code [0x000002cf1e147e80, 0x000002cf1e147f78]
Event: 2.986 Thread 0x000002cf31eebe10 1849       3       java.nio.CharBuffer::arrayOffset (35 bytes)
Event: 2.986 Thread 0x000002cf31eeacc0 1850   !   4       java.nio.CharBuffer::wrap (21 bytes)
Event: 2.986 Thread 0x000002cf31eebe10 nmethod 1849 0x000002cf16e44290 code [0x000002cf16e44460, 0x000002cf16e44738]

GC Heap History (2 events):
Event: 0.838 GC heap before
{Heap before GC invocations=0 (full 0):
 garbage-first heap   total 262144K, used 20480K [0x0000000701600000, 0x0000000800000000)
  region size 2048K, 11 young (22528K), 0 survivors (0K)
 Metaspace       used 7671K, committed 7872K, reserved 1056768K
  class space    used 866K, committed 960K, reserved 1048576K
}
Event: 0.841 GC heap after
{Heap after GC invocations=1 (full 0):
 garbage-first heap   total 262144K, used 4543K [0x0000000701600000, 0x0000000800000000)
  region size 2048K, 2 young (4096K), 2 survivors (4096K)
 Metaspace       used 7671K, committed 7872K, reserved 1056768K
  class space    used 866K, committed 960K, reserved 1048576K
}

Deoptimization events (20 events):
Event: 2.729 Thread 0x000002cf33cf7690 DEOPT PACKING pc=0x000002cf1e125d34 sp=0x000000f6b90fcc00
Event: 2.729 Thread 0x000002cf33cf7690 DEOPT UNPACKING pc=0x000002cf166023a3 sp=0x000000f6b90fcb98 mode 2
Event: 2.729 Thread 0x000002cf33cf7690 Uncommon trap: trap_request=0xffffffc6 fr.pc=0x000002cf1e125d34 relative=0x0000000000000094
Event: 2.729 Thread 0x000002cf33cf7690 Uncommon trap: reason=bimorphic_or_optimized_type_check action=maybe_recompile pc=0x000002cf1e125d34 method=java.lang.ref.Reference.refersTo(Ljava/lang/Object;)Z @ 2 c2
Event: 2.729 Thread 0x000002cf33cf7690 DEOPT PACKING pc=0x000002cf1e125d34 sp=0x000000f6b90fcb50
Event: 2.729 Thread 0x000002cf33cf7690 DEOPT UNPACKING pc=0x000002cf166023a3 sp=0x000000f6b90fcae8 mode 2
Event: 2.745 Thread 0x000002cf33d5fe60 Uncommon trap: trap_request=0xffffff45 fr.pc=0x000002cf1e0d9c48 relative=0x00000000000001a8
Event: 2.745 Thread 0x000002cf33d5fe60 Uncommon trap: reason=unstable_if action=reinterpret pc=0x000002cf1e0d9c48 method=java.io.WinNTFileSystem.normalize(Ljava/lang/String;)Ljava/lang/String; @ 40 c2
Event: 2.745 Thread 0x000002cf33d5fe60 DEOPT PACKING pc=0x000002cf1e0d9c48 sp=0x000000f6b89ff180
Event: 2.745 Thread 0x000002cf33d5fe60 DEOPT UNPACKING pc=0x000002cf166023a3 sp=0x000000f6b89ff0f8 mode 2
Event: 2.768 Thread 0x000002cf33d5fe60 DEOPT PACKING pc=0x000002cf16ce4056 sp=0x000000f6b89fe5f0
Event: 2.768 Thread 0x000002cf33d5fe60 DEOPT UNPACKING pc=0x000002cf16602b43 sp=0x000000f6b89fda90 mode 0
Event: 2.932 Thread 0x000002cf33cf7690 Uncommon trap: trap_request=0xffffff45 fr.pc=0x000002cf1e0dde1c relative=0x00000000000000fc
Event: 2.932 Thread 0x000002cf33cf7690 Uncommon trap: reason=unstable_if action=reinterpret pc=0x000002cf1e0dde1c method=java.lang.ThreadLocal$ThreadLocalMap.getEntry(Ljava/lang/ThreadLocal;)Ljava/lang/ThreadLocal$ThreadLocalMap$Entry; @ 21 c2
Event: 2.932 Thread 0x000002cf33cf7690 DEOPT PACKING pc=0x000002cf1e0dde1c sp=0x000000f6b90fbb60
Event: 2.932 Thread 0x000002cf33cf7690 DEOPT UNPACKING pc=0x000002cf166023a3 sp=0x000000f6b90fba78 mode 2
Event: 2.940 Thread 0x000002cf33d5ce40 Uncommon trap: trap_request=0xffffff45 fr.pc=0x000002cf1e095e38 relative=0x0000000000000038
Event: 2.940 Thread 0x000002cf33d5ce40 Uncommon trap: reason=unstable_if action=reinterpret pc=0x000002cf1e095e38 method=java.lang.StringLatin1.canEncode(I)Z @ 4 c2
Event: 2.940 Thread 0x000002cf33d5ce40 DEOPT PACKING pc=0x000002cf1e095e38 sp=0x000000f6ba1bc260
Event: 2.940 Thread 0x000002cf33d5ce40 DEOPT UNPACKING pc=0x000002cf166023a3 sp=0x000000f6ba1bc1f0 mode 2

Classes unloaded (0 events):
No events

Classes redefined (0 events):
No events

Internal exceptions (20 events):
Event: 0.393 Thread 0x000002cf33cf7690 Exception <a 'java/lang/NoSuchMethodError'{0x00000007108ee2d0}: 'java.lang.Object java.lang.invoke.DirectMethodHandle$Holder.invokeStatic(java.lang.Object, int, java.lang.Object, java.lang.Object, java.lang.Object, java.lang.Object)'> (0x00000007108ee2d0) 
thrown [t:\workspace\open\src\hotspot\share\interpreter\linkResolver.cpp, line 766]
Event: 0.395 Thread 0x000002cf33cf7690 Exception <a 'java/lang/NoSuchMethodError'{0x0000000710913a98}: 'java.lang.Object java.lang.invoke.DirectMethodHandle$Holder.invokeStatic(java.lang.Object, int, java.lang.Object)'> (0x0000000710913a98) 
thrown [t:\workspace\open\src\hotspot\share\interpreter\linkResolver.cpp, line 766]
Event: 0.406 Thread 0x000002cf33cf7690 Exception <a 'java/lang/ClassNotFoundException'{0x00000007109cb308}: com/sun/swing/internal/plaf/metal/resources/spi/metalProvider> (0x00000007109cb308) 
thrown [t:\workspace\open\src\hotspot\share\classfile\systemDictionary.cpp, line 256]
Event: 0.407 Thread 0x000002cf33cf7690 Exception <a 'java/lang/ClassNotFoundException'{0x00000007109cf160}: com/sun/swing/internal/plaf/basic/resources/spi/basicProvider> (0x00000007109cf160) 
thrown [t:\workspace\open\src\hotspot\share\classfile\systemDictionary.cpp, line 256]
Event: 0.436 Thread 0x000002cf337f9090 Exception <a 'java/lang/NoSuchMethodError'{0x0000000710bea8a8}: 'void java.lang.invoke.DirectMethodHandle$Holder.invokeVirtual(java.lang.Object, java.lang.Object)'> (0x0000000710bea8a8) 
thrown [t:\workspace\open\src\hotspot\share\interpreter\linkResolver.cpp, line 766]
Event: 0.443 Thread 0x000002cf33cf7690 Exception <a 'java/lang/NoSuchMethodError'{0x000000071064af20}: 'void java.lang.invoke.DirectMethodHandle$Holder.invokeStaticInit(java.lang.Object)'> (0x000000071064af20) 
thrown [t:\workspace\open\src\hotspot\share\interpreter\linkResolver.cpp, line 766]
Event: 0.450 Thread 0x000002cf33cf7690 Exception <a 'java/io/FileNotFoundException'{0x0000000710657bf0}> (0x0000000710657bf0) 
thrown [t:\workspace\open\src\hotspot\share\prims\jni.cpp, line 516]
Event: 0.540 Thread 0x000002cf33cf7690 Exception <a 'java/io/FileNotFoundException'{0x00000007104bb500}> (0x00000007104bb500) 
thrown [t:\workspace\open\src\hotspot\share\prims\jni.cpp, line 516]
Event: 0.575 Thread 0x000002cf33cf7690 Exception <a 'java/io/FileNotFoundException'{0x000000071057df18}> (0x000000071057df18) 
thrown [t:\workspace\open\src\hotspot\share\prims\jni.cpp, line 516]
Event: 0.851 Thread 0x000002cf33cf7690 Implicit null exception at 0x000002cf1e0e5a53 to 0x000002cf1e0e9728
Event: 2.733 Thread 0x000002cf33cf7690 Exception <a 'java/lang/NoSuchMethodError'{0x0000000710d19b90}: 'void java.lang.invoke.DirectMethodHandle$Holder.invokeStatic(java.lang.Object, java.lang.Object, java.lang.Object)'> (0x0000000710d19b90) 
thrown [t:\workspace\open\src\hotspot\share\interpreter\linkResolver.cpp, line 766]
Event: 2.849 Thread 0x000002cf33d5fe60 Exception <a 'java/lang/NoSuchMethodError'{0x000000071085a310}: 'int java.lang.invoke.DirectMethodHandle$Holder.invokeStaticInit(java.lang.Object, java.lang.Object, java.lang.Object)'> (0x000000071085a310) 
thrown [t:\workspace\open\src\hotspot\share\interpreter\linkResolver.cpp, line 766]
Event: 2.850 Thread 0x000002cf33d5fe60 Exception <a 'java/lang/NoSuchMethodError'{0x00000007108be7f8}: 'void java.lang.invoke.DirectMethodHandle$Holder.invokeStatic(java.lang.Object, java.lang.Object)'> (0x00000007108be7f8) 
thrown [t:\workspace\open\src\hotspot\share\interpreter\linkResolver.cpp, line 766]
Event: 2.857 Thread 0x000002cf33d5fe60 Exception <a 'java/lang/NoSuchMethodError'{0x000000071096b070}: 'java.lang.Object java.lang.invoke.DirectMethodHandle$Holder.newInvokeSpecial(java.lang.Object, java.lang.Object, int, java.lang.Object)'> (0x000000071096b070) 
thrown [t:\workspace\open\src\hotspot\share\interpreter\linkResolver.cpp, line 766]
Event: 2.857 Thread 0x000002cf33d5fe60 Exception <a 'java/lang/NoSuchMethodError'{0x000000071096f1a8}: 'java.lang.Object java.lang.invoke.DirectMethodHandle$Holder.invokeSpecial(java.lang.Object, java.lang.Object, java.lang.Object, int, java.lang.Object)'> (0x000000071096f1a8) 
thrown [t:\workspace\open\src\hotspot\share\interpreter\linkResolver.cpp, line 766]
Event: 2.932 Thread 0x000002cf33cf7690 Implicit null exception at 0x000002cf1e0ddd83 to 0x000002cf1e0dde00
Event: 2.937 Thread 0x000002cf33cf7690 Exception <a 'java/lang/NoSuchMethodError'{0x00000007105e1468}: 'java.lang.Object java.lang.invoke.DirectMethodHandle$Holder.invokeStaticInit(java.lang.Object, java.lang.Object, java.lang.Object, java.lang.Object)'> (0x00000007105e1468) 
thrown [t:\workspace\open\src\hotspot\share\interpreter\linkResolver.cpp, line 766]
Event: 2.937 Thread 0x000002cf33d5ce40 Exception <a 'java/lang/NullPointerException'{0x000000071058e1e0}> (0x000000071058e1e0) 
thrown [t:\workspace\open\src\hotspot\share\interpreter\linkResolver.cpp, line 1357]
Event: 2.985 Thread 0x000002cf33d5ce40 Exception <a 'java/lang/IllegalAccessError'{0x00000007101eedd8}: class com.sun.javafx.webkit.prism.WCFontImpl (in unnamed module @0x6a35f80f) cannot access class com.sun.javafx.font.FontFactory (in module javafx.graphics) because module javafx.graphics does not export com.sun.javafx.font to unnamed module @0x6a35f80f> (0x00000007101eedd8) 
thrown [t:\workspace\open\src\hotspot\share\interpreter\linkResolver.cpp, line 312]
Event: 2.986 Thread 0x000002cf33d5ce40 Exception <a 'java/lang/IllegalAccessError'{0x00000007101f53a0}: class com.sun.javafx.webkit.prism.WCFontImpl (in unnamed module @0x6a35f80f) cannot access class com.sun.javafx.font.FontFactory (in module javafx.graphics) because module javafx.graphics does not export com.sun.javafx.font to unnamed module @0x6a35f80f> (0x00000007101f53a0) 
thrown [t:\workspace\open\src\hotspot\share\oops\constantPool.cpp, line 837]

VM Operations (20 events):
Event: 0.060 Executing VM operation: HandshakeAllThreads
Event: 0.060 Executing VM operation: HandshakeAllThreads done
Event: 0.101 Executing VM operation: HandshakeAllThreads
Event: 0.102 Executing VM operation: HandshakeAllThreads done
Event: 0.422 Executing VM operation: HandshakeAllThreads
Event: 0.422 Executing VM operation: HandshakeAllThreads done
Event: 0.461 Executing VM operation: HandshakeAllThreads
Event: 0.461 Executing VM operation: HandshakeAllThreads done
Event: 0.503 Executing VM operation: HandshakeAllThreads
Event: 0.503 Executing VM operation: HandshakeAllThreads done
Event: 0.522 Executing VM operation: ICBufferFull
Event: 0.523 Executing VM operation: ICBufferFull done
Event: 0.838 Executing VM operation: G1CollectForAllocation
Event: 0.841 Executing VM operation: G1CollectForAllocation done
Event: 1.004 Executing VM operation: HandshakeAllThreads
Event: 1.004 Executing VM operation: HandshakeAllThreads done
Event: 2.017 Executing VM operation: Cleanup
Event: 2.017 Executing VM operation: Cleanup done
Event: 2.926 Executing VM operation: HandshakeAllThreads
Event: 2.926 Executing VM operation: HandshakeAllThreads done

Events (20 events):
Event: 2.961 loading class java/util/concurrent/RunnableScheduledFuture
Event: 2.961 loading class java/util/concurrent/ScheduledFuture
Event: 2.961 loading class java/util/concurrent/ScheduledFuture done
Event: 2.961 loading class java/util/concurrent/RunnableScheduledFuture done
Event: 2.963 loading class java/net/CookieHandler
Event: 2.963 loading class java/net/CookieHandler done
Event: 2.969 Loaded shared library C:\Program Files\Java\jdk-17.0.1\bin\jfxwebkit.dll
Event: 2.969 loading class java/nio/file/InvalidPathException
Event: 2.969 loading class java/nio/file/InvalidPathException done
Event: 2.970 loading class java/io/UnsupportedEncodingException
Event: 2.970 loading class java/io/UnsupportedEncodingException done
Event: 2.982 Loaded shared library C:\Program Files\Java\jdk-17.0.1\bin\javafx_font.dll
Event: 2.985 loading class java/lang/IllegalAccessError
Event: 2.985 loading class java/lang/IllegalAccessError done
Event: 2.985 loading class java/lang/Throwable$WrappedPrintStream
Event: 2.985 loading class java/lang/Throwable$PrintStreamOrWriter
Event: 2.985 loading class java/lang/Throwable$PrintStreamOrWriter done
Event: 2.985 loading class java/lang/Throwable$WrappedPrintStream done
Event: 2.986 loading class java/lang/StackTraceElement$HashedModules
Event: 2.986 loading class java/lang/StackTraceElement$HashedModules done


Dynamic libraries:
0x00007ff64c290000 - 0x00007ff64c2a0000 	C:\Program Files\Java\jdk-17.0.1\bin\java.exe
0x00007ffb42710000 - 0x00007ffb42905000 	C:\WINDOWS\SYSTEM32\ntdll.dll
0x00007ffb41310000 - 0x00007ffb413cd000 	C:\WINDOWS\System32\KERNEL32.DLL
0x00007ffb3fea0000 - 0x00007ffb40169000 	C:\WINDOWS\System32\KERNELBASE.dll
0x00007ffb404e0000 - 0x00007ffb405e0000 	C:\WINDOWS\System32\ucrtbase.dll
0x00007ffb3a030000 - 0x00007ffb3a04a000 	C:\Program Files\Java\jdk-17.0.1\bin\VCRUNTIME140.dll
0x00007ffb3bfe0000 - 0x00007ffb3bff8000 	C:\Program Files\Java\jdk-17.0.1\bin\jli.dll
0x00007ffb40d80000 - 0x00007ffb40e2c000 	C:\WINDOWS\System32\ADVAPI32.dll
0x00007ffb407d0000 - 0x00007ffb4086e000 	C:\WINDOWS\System32\msvcrt.dll
0x00007ffb40a10000 - 0x00007ffb40aac000 	C:\WINDOWS\System32\sechost.dll
0x00007ffb40ab0000 - 0x00007ffb40bdb000 	C:\WINDOWS\System32\RPCRT4.dll
0x00007ffb40870000 - 0x00007ffb40a10000 	C:\WINDOWS\System32\USER32.dll
0x00007ffb403d0000 - 0x00007ffb403f2000 	C:\WINDOWS\System32\win32u.dll
0x00007ffb412e0000 - 0x00007ffb4130a000 	C:\WINDOWS\System32\GDI32.dll
0x00007ffb40660000 - 0x00007ffb4076b000 	C:\WINDOWS\System32\gdi32full.dll
0x00007ffb40330000 - 0x00007ffb403cd000 	C:\WINDOWS\System32\msvcp_win.dll
0x00007ffb2aa40000 - 0x00007ffb2acda000 	C:\WINDOWS\WinSxS\amd64_microsoft.windows.common-controls_6595b64144ccf1df_6.0.19041.844_none_ca00b6081b84eb1d\COMCTL32.dll
0x00007ffb38630000 - 0x00007ffb3863a000 	C:\WINDOWS\SYSTEM32\VERSION.dll
0x00007ffb416a0000 - 0x00007ffb416d0000 	C:\WINDOWS\System32\IMM32.DLL
0x00007ffb380f0000 - 0x00007ffb380fc000 	C:\Program Files\Java\jdk-17.0.1\bin\vcruntime140_1.dll
0x00007ffb09e90000 - 0x00007ffb09f1d000 	C:\Program Files\Java\jdk-17.0.1\bin\msvcp140.dll
0x00007ffb04e80000 - 0x00007ffb05a3e000 	C:\Program Files\Java\jdk-17.0.1\bin\server\jvm.dll
0x00007ffb414d0000 - 0x00007ffb414d8000 	C:\WINDOWS\System32\PSAPI.DLL
0x00007ffb25e50000 - 0x00007ffb25e59000 	C:\WINDOWS\SYSTEM32\WSOCK32.dll
0x00007ffb37270000 - 0x00007ffb37297000 	C:\WINDOWS\SYSTEM32\WINMM.dll
0x00007ffb40be0000 - 0x00007ffb40c4b000 	C:\WINDOWS\System32\WS2_32.dll
0x00007ffb3e760000 - 0x00007ffb3e772000 	C:\WINDOWS\SYSTEM32\kernel.appcore.dll
0x00007ffb37f00000 - 0x00007ffb37f0a000 	C:\Program Files\Java\jdk-17.0.1\bin\jimage.dll
0x00007ffb3e290000 - 0x00007ffb3e474000 	C:\WINDOWS\SYSTEM32\DBGHELP.DLL
0x00007ffb25d20000 - 0x00007ffb25d4c000 	C:\WINDOWS\SYSTEM32\dbgcore.DLL
0x00007ffb405e0000 - 0x00007ffb40660000 	C:\WINDOWS\System32\bcryptPrimitives.dll
0x00007ffb252a0000 - 0x00007ffb252c5000 	C:\Program Files\Java\jdk-17.0.1\bin\java.dll
0x00007ffb09f20000 - 0x00007ffb09ff6000 	C:\Program Files\Java\jdk-17.0.1\bin\svml.dll
0x00007ffb41a60000 - 0x00007ffb421a2000 	C:\WINDOWS\System32\SHELL32.dll
0x00007ffb3da30000 - 0x00007ffb3e1c0000 	C:\WINDOWS\SYSTEM32\windows.storage.dll
0x00007ffb40f20000 - 0x00007ffb41275000 	C:\WINDOWS\System32\combase.dll
0x00007ffb3f7f0000 - 0x00007ffb3f81c000 	C:\WINDOWS\SYSTEM32\Wldp.dll
0x00007ffb42620000 - 0x00007ffb426ce000 	C:\WINDOWS\System32\SHCORE.dll
0x00007ffb41930000 - 0x00007ffb41985000 	C:\WINDOWS\System32\shlwapi.dll
0x00007ffb3fd90000 - 0x00007ffb3fdaf000 	C:\WINDOWS\SYSTEM32\profapi.dll
0x00007ffb28a60000 - 0x00007ffb28a79000 	C:\Program Files\Java\jdk-17.0.1\bin\net.dll
0x00007ffb38320000 - 0x00007ffb3842c000 	C:\WINDOWS\SYSTEM32\WINHTTP.dll
0x00007ffb3f570000 - 0x00007ffb3f5da000 	C:\WINDOWS\system32\mswsock.dll
0x00007ffb28a20000 - 0x00007ffb28a35000 	C:\Program Files\Java\jdk-17.0.1\bin\nio.dll
0x00007ffb288b0000 - 0x00007ffb288c8000 	C:\Program Files\Java\jdk-17.0.1\bin\zip.dll
0x00007ffb09730000 - 0x00007ffb098bf000 	C:\Program Files\Java\jdk-17.0.1\bin\awt.dll
0x00007ffb41990000 - 0x00007ffb41a5d000 	C:\WINDOWS\System32\OLEAUT32.dll
0x00007ffb3c930000 - 0x00007ffb3c9c0000 	C:\WINDOWS\SYSTEM32\apphelp.dll
0x00007ffb3ca60000 - 0x00007ffb3cafe000 	C:\WINDOWS\system32\uxtheme.dll
0x00007ffb414e0000 - 0x00007ffb415f5000 	C:\WINDOWS\System32\MSCTF.dll
0x00007ffb14550000 - 0x00007ffb145ec000 	C:\WINDOWS\system32\IMGSF50Filter_x64.dll
0x00007ffb40c50000 - 0x00007ffb40d7a000 	C:\WINDOWS\System32\ole32.dll
0x00007ffb13db0000 - 0x00007ffb13ed6000 	C:\WINDOWS\SYSTEM32\Opengl32.dll
0x00007ffb142a0000 - 0x00007ffb142cc000 	C:\WINDOWS\SYSTEM32\GLU32.dll
0x00007ffb3cde0000 - 0x00007ffb3ce0f000 	C:\WINDOWS\system32\DWMAPI.DLL
0x00007ffb12420000 - 0x00007ffb125ef000 	C:\WINDOWS\system32\d3d9.dll
0x00007ffb34460000 - 0x00007ffb3451e000 	C:\WINDOWS\System32\DriverStore\FileRepository\nv_dispi.inf_amd64_2fe7c165c5dd3267\nvldumdx.dll
0x00007ffb3f970000 - 0x00007ffb3f982000 	C:\WINDOWS\SYSTEM32\msasn1.dll
0x00007ffb382c0000 - 0x00007ffb382f1000 	C:\WINDOWS\SYSTEM32\cryptnet.dll
0x00007ffb40170000 - 0x00007ffb402cf000 	C:\WINDOWS\System32\CRYPT32.dll
0x00007ffb37f20000 - 0x00007ffb3806a000 	C:\WINDOWS\SYSTEM32\drvstore.dll
0x00007ffb3fb30000 - 0x00007ffb3fb5c000 	C:\WINDOWS\SYSTEM32\devobj.dll
0x00007ffb3fe50000 - 0x00007ffb3fe9e000 	C:\WINDOWS\System32\cfgmgr32.dll
0x00007ffb3f760000 - 0x00007ffb3f76c000 	C:\WINDOWS\SYSTEM32\cryptbase.dll
0x00007ffb402d0000 - 0x00007ffb40330000 	C:\WINDOWS\System32\wintrust.dll
0x00007ffb41600000 - 0x00007ffb4161d000 	C:\WINDOWS\System32\imagehlp.dll
0x00007ffb3f740000 - 0x00007ffb3f758000 	C:\WINDOWS\SYSTEM32\CRYPTSP.dll
0x00007ffb3ef10000 - 0x00007ffb3ef44000 	C:\WINDOWS\system32\rsaenh.dll
0x00007ffb404b0000 - 0x00007ffb404d7000 	C:\WINDOWS\System32\bcrypt.dll
0x00007ffb31ac0000 - 0x00007ffb33cdd000 	C:\WINDOWS\System32\DriverStore\FileRepository\nv_dispi.inf_amd64_2fe7c165c5dd3267\nvgpucomp64.dll
0x00007ffad2080000 - 0x00007ffad442f000 	C:\WINDOWS\System32\DriverStore\FileRepository\nv_dispi.inf_amd64_2fe7c165c5dd3267\nvd3dumx.dll
0x00007ffaf42e0000 - 0x00007ffaf45b0000 	C:\WINDOWS\system32\nvspcap64.dll
0x00007ffb3eb80000 - 0x00007ffb3ebb3000 	C:\WINDOWS\SYSTEM32\ntmarta.dll
0x00007ffb3e730000 - 0x00007ffb3e753000 	C:\WINDOWS\SYSTEM32\gpapi.dll
0x00007ffb34850000 - 0x00007ffb3488b000 	C:\WINDOWS\SYSTEM32\dxcore.dll
0x00007ffb096a0000 - 0x00007ffb09729000 	C:\Program Files\Java\jdk-17.0.1\bin\freetype.dll
0x00007ffb08ee0000 - 0x00007ffb08f88000 	C:\Program Files\Java\jdk-17.0.1\bin\fontmanager.dll
0x00007ffb416d0000 - 0x00007ffb41779000 	C:\WINDOWS\System32\clbcatq.dll
0x00007ffb38100000 - 0x00007ffb382b4000 	C:\WINDOWS\SYSTEM32\WindowsCodecs.dll
0x00007ffb165e0000 - 0x00007ffb1661e000 	C:\WINDOWS\system32\dataexchange.dll
0x00007ffb3e480000 - 0x00007ffb3e6e4000 	C:\WINDOWS\system32\d3d11.dll
0x00007ffb3b8d0000 - 0x00007ffb3bab7000 	C:\WINDOWS\system32\dcomp.dll
0x00007ffb3e780000 - 0x00007ffb3e873000 	C:\WINDOWS\system32\dxgi.dll
0x00007ffb3a5b0000 - 0x00007ffb3a7b1000 	C:\WINDOWS\system32\twinapi.appcore.dll
0x00007ffb31770000 - 0x00007ffb3186b000 	C:\WINDOWS\SYSTEM32\textinputframework.dll
0x00007ffb3c2c0000 - 0x00007ffb3c61e000 	C:\WINDOWS\System32\CoreUIComponents.dll
0x00007ffb3c720000 - 0x00007ffb3c812000 	C:\WINDOWS\System32\CoreMessaging.dll
0x00007ffb3b170000 - 0x00007ffb3b2c4000 	C:\WINDOWS\SYSTEM32\wintypes.dll
0x00007ffb268f0000 - 0x00007ffb269c1000 	C:\Windows\System32\IME\IMEKR\imkrtip.dll
0x00007ffb3b5b0000 - 0x00007ffb3b6a7000 	C:\WINDOWS\SYSTEM32\PROPSYS.dll
0x00007ffb0c110000 - 0x00007ffb0c252000 	C:\Windows\System32\IME\shared\imetip.dll
0x00007ffb2a9d0000 - 0x00007ffb2aa36000 	C:\WINDOWS\SYSTEM32\OLEACC.dll
0x00007ffb0bd50000 - 0x00007ffb0befe000 	C:\WINDOWS\SYSTEM32\DUI70.dll
0x00007ffb347d0000 - 0x00007ffb34811000 	C:\Windows\System32\IME\IMEKR\imkrapi.dll
0x00007ffb3b7f0000 - 0x00007ffb3b890000 	C:\WINDOWS\SYSTEM32\policymanager.dll
0x00007ffb3efa0000 - 0x00007ffb3f02a000 	C:\WINDOWS\SYSTEM32\msvcp110_win.dll
0x00007ffb34790000 - 0x00007ffb347ce000 	C:\Windows\System32\IME\shared\imjkapi.dll
0x000002cf3c790000 - 0x000002cf3c793000 	C:\Program Files\Java\jdk-17.0.1\bin\api-ms-win-core-console-l1-1-0.dll
0x000002cf3c7a0000 - 0x000002cf3c7a3000 	C:\Program Files\Java\jdk-17.0.1\bin\api-ms-win-core-console-l1-2-0.dll
0x000002cf3c7b0000 - 0x000002cf3c7b3000 	C:\Program Files\Java\jdk-17.0.1\bin\api-ms-win-core-datetime-l1-1-0.dll
0x000002cf3c7c0000 - 0x000002cf3c7c3000 	C:\Program Files\Java\jdk-17.0.1\bin\api-ms-win-core-debug-l1-1-0.dll
0x000002cf3c7d0000 - 0x000002cf3c7d3000 	C:\Program Files\Java\jdk-17.0.1\bin\api-ms-win-core-errorhandling-l1-1-0.dll
0x000002cf3c7e0000 - 0x000002cf3c7e4000 	C:\Program Files\Java\jdk-17.0.1\bin\api-ms-win-core-file-l1-1-0.dll
0x000002cf3c7f0000 - 0x000002cf3c7f3000 	C:\Program Files\Java\jdk-17.0.1\bin\api-ms-win-core-file-l1-2-0.dll
0x000002cf3c800000 - 0x000002cf3c803000 	C:\Program Files\Java\jdk-17.0.1\bin\api-ms-win-core-file-l2-1-0.dll
0x000002cf3c810000 - 0x000002cf3c813000 	C:\Program Files\Java\jdk-17.0.1\bin\api-ms-win-core-handle-l1-1-0.dll
0x000002cf3c820000 - 0x000002cf3c823000 	C:\Program Files\Java\jdk-17.0.1\bin\api-ms-win-core-heap-l1-1-0.dll
0x000002cf3c830000 - 0x000002cf3c833000 	C:\Program Files\Java\jdk-17.0.1\bin\api-ms-win-core-interlocked-l1-1-0.dll
0x000002cf3c840000 - 0x000002cf3c843000 	C:\Program Files\Java\jdk-17.0.1\bin\api-ms-win-core-libraryloader-l1-1-0.dll
0x000002cf3c850000 - 0x000002cf3c853000 	C:\Program Files\Java\jdk-17.0.1\bin\api-ms-win-core-localization-l1-2-0.dll
0x000002cf3c860000 - 0x000002cf3c863000 	C:\Program Files\Java\jdk-17.0.1\bin\api-ms-win-core-memory-l1-1-0.dll
0x000002cf3d090000 - 0x000002cf3d093000 	C:\Program Files\Java\jdk-17.0.1\bin\api-ms-win-core-namedpipe-l1-1-0.dll
0x000002cf3d0a0000 - 0x000002cf3d0a3000 	C:\Program Files\Java\jdk-17.0.1\bin\api-ms-win-core-processenvironment-l1-1-0.dll
0x000002cf3d0b0000 - 0x000002cf3d0b3000 	C:\Program Files\Java\jdk-17.0.1\bin\api-ms-win-core-processthreads-l1-1-0.dll
0x000002cf3d0c0000 - 0x000002cf3d0c3000 	C:\Program Files\Java\jdk-17.0.1\bin\api-ms-win-core-processthreads-l1-1-1.dll
0x000002cf3d0d0000 - 0x000002cf3d0d3000 	C:\Program Files\Java\jdk-17.0.1\bin\api-ms-win-core-profile-l1-1-0.dll
0x000002cf3d0e0000 - 0x000002cf3d0e3000 	C:\Program Files\Java\jdk-17.0.1\bin\api-ms-win-core-rtlsupport-l1-1-0.dll
0x000002cf3d0f0000 - 0x000002cf3d0f3000 	C:\Program Files\Java\jdk-17.0.1\bin\api-ms-win-core-string-l1-1-0.dll
0x000002cf3d100000 - 0x000002cf3d103000 	C:\Program Files\Java\jdk-17.0.1\bin\api-ms-win-core-synch-l1-1-0.dll
0x000002cf3d110000 - 0x000002cf3d113000 	C:\Program Files\Java\jdk-17.0.1\bin\api-ms-win-core-synch-l1-2-0.dll
0x000002cf3d120000 - 0x000002cf3d123000 	C:\Program Files\Java\jdk-17.0.1\bin\api-ms-win-core-sysinfo-l1-1-0.dll
0x000002cf3d130000 - 0x000002cf3d133000 	C:\Program Files\Java\jdk-17.0.1\bin\api-ms-win-core-timezone-l1-1-0.dll
0x000002cf3d140000 - 0x000002cf3d143000 	C:\Program Files\Java\jdk-17.0.1\bin\api-ms-win-core-util-l1-1-0.dll
0x000002cf3d150000 - 0x000002cf3d153000 	C:\Program Files\Java\jdk-17.0.1\bin\api-ms-win-crt-conio-l1-1-0.dll
0x000002cf3d160000 - 0x000002cf3d164000 	C:\Program Files\Java\jdk-17.0.1\bin\api-ms-win-crt-convert-l1-1-0.dll
0x000002cf3d170000 - 0x000002cf3d173000 	C:\Program Files\Java\jdk-17.0.1\bin\api-ms-win-crt-environment-l1-1-0.dll
0x000002cf3d180000 - 0x000002cf3d183000 	C:\Program Files\Java\jdk-17.0.1\bin\api-ms-win-crt-filesystem-l1-1-0.dll
0x000002cf3d190000 - 0x000002cf3d193000 	C:\Program Files\Java\jdk-17.0.1\bin\api-ms-win-crt-heap-l1-1-0.dll

dbghelp: loaded successfully - version: 4.0.5 - missing functions: none
symbol engine: initialized successfully - sym options: 0x614 - pdb path: .;C:\Program Files\Java\jdk-17.0.1\bin;C:\WINDOWS\SYSTEM32;C:\WINDOWS\WinSxS\amd64_microsoft.windows.common-controls_6595b64144ccf1df_6.0.19041.844_none_ca00b6081b84eb1d;C:\Program Files\Java\jdk-17.0.1\bin\server;C:\WINDOWS\System32\DriverStore\FileRepository\nv_dispi.inf_amd64_2fe7c165c5dd3267;C:\Windows\System32\IME\IMEKR;C:\Windows\System32\IME\shared

VM Arguments:
jvm_args: -Dfile.encoding=UTF-8 --module-path=C:\Users\user\Downloads\JavaProject\lib --add-modules=javafx.controls,javafx.fxml --add-opens=javafx.base/com.sun.javafx.logging=ALL-UNNAMED --add-opens=javafx.base/com.sun.javafx.application=ALL-UNNAMED --add-opens=javafx.graphics/com.sun.javafx=ALL-UNNAMED --add-opens=javafx.graphics/com.sun.javafx.application=ALL-UNNAMED --add-opens=javafx.controls/com.sun.javafx=ALL-UNNAMED --add-opens=javafx.scene/com.sun.javafx=ALL-UNNAMED --add-opens=javafx.embed.swing/com.sun.javafx=ALL-UNNAMED --add-opens=javafx.graphics/com.sun.javafx.embed=ALL-UNNAMED --add-opens=javafx.graphics/com.sun.javafx.sg.prism=ALL-UNNAMED --add-opens=javafx.graphics/com.sun.javafx.scene=ALL-UNNAMED --add-opens=javafx.graphics/com.sun.javafx.util=ALL-UNNAMED --add-opens=javafx.graphics/com.sun.glass.ui=ALL-UNNAMED --add-opens=javafx.graphics/com.sun.prism=ALL-UNNAMED --add-opens=javafx.graphics/com.sun.javafx.webkit.prism=ALL-UNNAMED --add-opens=javafx.graphics/com.sun.javafx.geom.transform=ALL-UNNAMED --add-opens=javafx.graphics/com.sun.javafx.tk=ALL-UNNAMED --add-opens=javafx.graphics/com.sun.glass.utils=ALL-UNNAMED --add-opens=javafx.graphics/com.sun.javafx.font=ALL-UNNAMED
 
java_command: MainFrame
java_class_path (initial): C:\Users\user\Downloads\JavaProject\lib\ojdbc11.jar;C:\Users\user\Downloads\JavaProject\lib\javafx-swt.jar;C:\Users\user\Downloads\JavaProject\lib\javafx.base.jar;C:\Users\user\Downloads\JavaProject\lib\javafx.controls.jar;C:\Users\user\Downloads\JavaProject\lib\javafx.fxml.jar;C:\Users\user\Downloads\JavaProject\lib\javafx.graphics.jar;C:\Users\user\Downloads\JavaProject\lib\javafx.media.jar;C:\Users\user\Downloads\JavaProject\lib\javafx.swing.jar;C:\Users\user\Downloads\JavaProject\lib\javafx.web.jar;C:\Users\user\Downloads\JavaProject\build\classes
Launcher Type: SUN_STANDARD

[Global flags]
     intx CICompilerCount                          = 4                                         {product} {ergonomic}
     uint ConcGCThreads                            = 3                                         {product} {ergonomic}
     uint G1ConcRefinementThreads                  = 10                                        {product} {ergonomic}
   size_t G1HeapRegionSize                         = 2097152                                   {product} {ergonomic}
    uintx GCDrainStackTargetSize                   = 64                                        {product} {ergonomic}
   size_t InitialHeapSize                          = 268435456                                 {product} {ergonomic}
   size_t MarkStackSize                            = 4194304                                   {product} {ergonomic}
   size_t MaxHeapSize                              = 4271898624                                {product} {ergonomic}
   size_t MaxNewSize                               = 2562719744                                {product} {ergonomic}
   size_t MinHeapDeltaBytes                        = 2097152                                   {product} {ergonomic}
   size_t MinHeapSize                              = 8388608                                   {product} {ergonomic}
    uintx NonNMethodCodeHeapSize                   = 5839372                                {pd product} {ergonomic}
    uintx NonProfiledCodeHeapSize                  = 122909434                              {pd product} {ergonomic}
    uintx ProfiledCodeHeapSize                     = 122909434                              {pd product} {ergonomic}
    uintx ReservedCodeCacheSize                    = 251658240                              {pd product} {ergonomic}
     bool SegmentedCodeCache                       = true                                      {product} {ergonomic}
   size_t SoftMaxHeapSize                          = 4271898624                             {manageable} {ergonomic}
     bool UseCompressedClassPointers               = true                           {product lp64_product} {ergonomic}
     bool UseCompressedOops                        = true                           {product lp64_product} {ergonomic}
     bool UseG1GC                                  = true                                      {product} {ergonomic}
     bool UseLargePagesIndividualAllocation        = false                                  {pd product} {ergonomic}

Logging:
Log output configuration:
 #0: stdout all=warning uptime,level,tags
 #1: stderr all=off uptime,level,tags

Environment Variables:
PATH=C:\Program Files\Common Files\Oracle\Java\javapath;C:\Program Files (x86)\Common Files\Oracle\Java\javapath;C:\Program Files (x86)\NAT Service;C:\Program Files (x86)\NVIDIA Corporation\PhysX\Common;C:\ProgramData\Oracle\Java\javapath;C:\Windows\system32;C:\Windows;C:\Windows\System32\Wbem;C:\Windows\System32\WindowsPowerShell\v1.0\;C:\WINDOWS\system32;C:\WINDOWS;C:\WINDOWS\System32\Wbem;C:\WINDOWS\System32\WindowsPowerShell\v1.0\;C:\Program Files\Microsoft SQL Server\130\Tools\Binn\;C:\WINDOWS\System32\OpenSSH\;C:\Program Files (x86)\Smart Projects\IsoBuster;C:\Program Files (x86)\Microsoft SQL Server\100\Tools\Binn\;C:\Program Files\Microsoft SQL Server\100\Tools\Binn\;C:\Program Files\Microsoft SQL Server\100\DTS\Binn\;C:\Program Files\NVIDIA Corporation\NVIDIA NvDLISR;C:\Program Files\dotnet\;C:\WINDOWS\system32;C:\WINDOWS;C:\WINDOWS\System32\Wbem;C:\WINDOWS\System32\WindowsPowerShell\v1.0\;C:\WINDOWS\System32\OpenSSH\;C:\Program Files\PuTTY\;C:\Program Files\Bandizip\;C:\Program Files\Java\jdk-17.0.1\bin;C:\Users\user\AppData\Local\Microsoft\WindowsApps;C:\Users\user\AppData\Local\Programs\Microsoft VS Code\bin;;C:\Program Files\JetBrains\PyCharm 2021.2.1\bin;;C:\Program Files\JetBrains\PyCharm Community Edition 2021.2.1\bin;;C:\Users\user\.dotnet\tools
USERNAME=user
OS=Windows_NT
PROCESSOR_IDENTIFIER=AMD64 Family 25 Model 33 Stepping 2, AuthenticAMD



---------------  S Y S T E M  ---------------

OS:
 Windows 10 , 64 bit Build 19041 (10.0.19041.804)
OS uptime: 0 days 4:46 hours

CPU: total 12 (initial active 12) (12 cores per cpu, 2 threads per core) family 25 model 33 stepping 2 microcode 0x0, cx8, cmov, fxsr, ht, mmx, 3dnowpref, sse, sse2, sse3, ssse3, sse4a, sse4.1, sse4.2, popcnt, lzcnt, tsc, tscinvbit, avx, avx2, aes, erms, clmul, bmi1, bmi2, adx, sha, fma, vzeroupper, clflush, clflushopt

Memory: 4k page, system-wide physical 16289M (7746M free)
TotalPageFile size 29089M (AvailPageFile size 12782M)
current process WorkingSet (physical memory assigned to process): 154M, peak: 154M
current process commit charge ("private bytes"): 443M, peak: 443M

vm_info: Java HotSpot(TM) 64-Bit Server VM (17.0.1+12-LTS-39) for windows-amd64 JRE (17.0.1+12-LTS-39), built on Sep 27 2021 18:41:35 by "mach5one" with MS VC++ 16.8 (VS2019)

END.
